
enzyme name;recognition sequence;5' cut site;3' cut site;methylation sensitivity;enzyme type;suppliers;buffers;


REBASE codes for commercial sources of enzymes

                B        Life Technologies (8/13)
                C        Minotech Biotechnology (1/14)
                E        Agilent Technologies (8/13)
                F        Thermo Scientific Fermentas (4/14)
                I        SibEnzyme Ltd. (3/14)
                J        Nippon Gene Co., Ltd. (4/14)
                K        Takara Bio Inc. (4/14)
                M        Roche Applied Science (4/14)
                N        New England Biolabs (4/14)
                O        Toyobo Biochemicals (8/12)
                Q        Molecular Biology Resources - CHIMERx (4/14)
                R        Promega Corporation (4/14)
                S        Sigma Chemical Corporation (4/14)
                U        Bangalore Genei (7/12)
                V        Vivantis Technologies (12/11)
                X        EURx Ltd. (2/14)
                Y        SinaClon BioScience Co. (9/13)

AaaI;CGGCCG;-5;-1;CpG;II;;;
AagI;ATCGAT;-4;-2;Dam,CpG,EcoBI;II;;;
AanI;TTATAA;-3;-3;EcoKI;II;F;F:Thermo Scientific Fermentas TangoTM;
AarI;CACCTGC;4;8;CpG,EcoBI,EcoKI;II;F;F:Thermo Scientific Fermentas AarI, AjiI, Bpu10I, ScaI, PasI;
AasI;GACNNNNNNGTC;-5;-7;CpG;II;F;F:Thermo Scientific Fermentas B blue;
AatI;AGGCCT;-3;-3;Dcm,EcoBI;II;;;
AatII;GACGTC;-1;-5;CpG,EcoBI;II;FIKMNR;F:Thermo Scientific Fermentas TangoTM,K:Takara T+BSA,M:Boehringer A,N:CutSmart Buffer,R:Promega J,I:SibEnzyme Y;
AauI;TGTACA;-5;-1;;II;;;
AbaI;TGATCA;-5;-1;Dam,EcoBI;II;;;
AbeI;CCTCAGC;-5;-2;CpG,EcoBI;II;;;
AbrI;CTCGAG;-5;-1;CpG;II;;;
AbsI;CCTCGAGG;-6;-2;CpG;II;I;I:SibEnzyme AbsI;
Acc113I;AGTACT;-3;-3;EcoBI;II;;;
Acc16I;TGCGCA;-3;-3;CpG,EcoKI;II;I;I:SibEnzyme W;
Acc36I;ACCTGC;4;8;CpG,EcoBI,EcoKI;II;I;I:SibEnzyme Y;
Acc65I;GGTACC;-5;-1;Dcm,CpG;II;FINR;F:Thermo Scientific Fermentas O orange,N:NEBuffer 3.1,R:Promega D,G:Qbiogene IV (Orange),I:SibEnzyme W;
AccB1I;GGYRCC;-5;-1;Dcm,CpG,EcoKI;II;I;I:SibEnzyme AccB1I;
AccB2I;RGCGCY;-1;-5;Dcm,CpG,EcoBI;II;;;
AccB7I;CCANNNNNTGG;-4;-7;Dcm;II;I;I:SibEnzyme G;
AccBSI;CCGCTC;-3;-3;CpG,EcoBI;II;I;I:SibEnzyme Y;
AccEBI;GGATCC;-5;-1;Dam,Dcm,CpG;II;;;
AccI;GTMKAC;-4;-2;CpG;II;BJKMNQRSUX;K:Takara M,M:Boehringer A,N:CutSmart Buffer,R:Promega G,S:Sigma Buffer SM,G:Qbiogene V (Red),J:Nippon A,U:Bangalore Genei E;
AccII;CGCG;-2;-2;CpG;II;JK;K:Takara M,J:Nippon M;
AccIII;TCCGGA;-5;-1;Dam,CpG;II;JKR;R:Promega F,G:Special AccIII,J:Nippon H;
AceI;GCWGC;-4;-1;CpG,EcoBI;II;;;
AceII;GCTAGC;-1;-5;CpG;II;;;
AceIII;CAGCTC;7;11;CpG,EcoBI;II;;;
AciI;CCGC;-3;-1;CpG;II;N;N:CutSmart Buffer;
AclI;AACGTT;-4;-2;CpG,EcoBI,EcoKI;II;IN;N:CutSmart Buffer,I:SibEnzyme Y;
AclNI;ACTAGT;-5;-1;EcoBI,EcoKI;II;;;
AclWI;GGATC;4;5;Dam,Dcm,CpG,EcoBI;II;I;I:SibEnzyme Y;
AcoI;YGGCCR;-5;-1;Dcm,CpG;II;I;I:SibEnzyme G;
AcpI;TTCGAA;-4;-2;CpG,EcoKI;II;;;
AcpII;CCANNNNNTGG;-4;-7;Dcm;II;;;
AcrII;GGTNACC;-6;-1;Dcm,CpG,EcoBI,EcoKI;II;;;
AcsI;RAATTY;-5;-1;CpG,EcoBI;II;I;I:SibEnzyme W;
AcuI;CTGAAG;16;14;EcoBI;II;IN;N:CutSmart Buffer + SAM,I:SibEnzyme Y+SAM;
AcvI;CACGTG;-3;-3;CpG,EcoBI,EcoKI;II;QX;Q:CHIMERx 3,X:EURx 3;
AcyI;GRCGYC;-4;-2;Dcm,CpG,EcoBI;II;J;J:Nippon A;
AdeI;CACNNNGTG;-3;-6;CpG,EcoBI,EcoKI;II;F;F:Thermo Scientific Fermentas G green;
AeuI;CCWGG;-3;-2;Dcm;II;;;
Afa16RI;CGATCG;-2;-4;Dam,CpG;II;;;
Afa22MI;CGATCG;-2;-4;Dam,CpG;II;;;
AfaI;GTAC;-2;-2;CpG;II;BK;K:Takara T+BSA;
AfeI;AGCGCT;-3;-3;CpG,EcoBI;II;IN;N:CutSmart Buffer,I:SibEnzyme Y;
AfiI;CCNNNNNNNGG;-4;-7;Dcm,CpG;II;V;;
AflI;GGWCC;-4;-1;Dcm,CpG;II;;;
AflII;CTTAAG;-5;-1;;II;JKN;K:Takara M+BSA,N:CutSmart Buffer,J:Nippon A;
AflIII;ACRYGT;-5;-1;CpG,EcoBI,EcoKI;II;MN;M:Boehringer H,N:NEBuffer 3.1,G:Qbiogene IV (Orange);
AgeI;ACCGGT;-5;-1;CpG,EcoBI,EcoKI;II;JNR;N:NEBuffer 1.1,R:Promega K,J:Nippon M;
AglI;CCWGG;-3;-2;Dcm;II;;;
AgsI;TTSAA;-2;-3;EcoBI,EcoKI;II;I;I:SibEnzyme Y+BSA;
AhaB8I;GGTACC;-5;-1;Dcm,CpG;II;;;
AhaI;CCSGG;-3;-2;CpG;II;;;
AhaII;GRCGYC;-4;-2;Dcm,CpG,EcoBI;II;;;
AhaIII;TTTAAA;-3;-3;EcoKI;II;;;
AhdI;GACNNNNNGTC;-5;-6;CpG;II;N;N:CutSmart Buffer;
AhlI;ACTAGT;-5;-1;EcoBI,EcoKI;II;IV;I:SibEnzyme B;
AhyI;CCCGGG;-5;-1;CpG;II;;;
AitI;AGCGCT;-3;-3;CpG,EcoBI;II;;;
AjiI;CACGTC;-3;-3;CpG,EcoBI,EcoKI;II;F;F:Thermo Scientific Fermentas AarI, AjiI, Bpu10I, ScaI, PasI;
AjnI;CCWGG;-5;0;Dcm;II;I;I:SibEnzyme Y;
AjoI;CTGCAG;-1;-5;;II;;;
AjuI;GAANNNNNNNTTGG;-21,11;-26,6;CpG;II;F;F:Thermo Scientific Fermentas R red + SAM;
AleI;CACNNNNGTG;-5;-5;CpG,EcoBI,EcoKI;II;N;N:CutSmart Buffer;
AlfI;GCANNNNNNTGC;-22,12;-24,10;CpG;II;F;F:Thermo Scientific Fermentas R red + SAM;
AliAJI;CTGCAG;-1;-5;;II;;;
AliI;GGATCC;-5;-1;Dam,Dcm,CpG;II;;;
AloI;GAACNNNNNNTCC;-20,12;-25,7;Dam,Dcm,CpG;II;F;F:Thermo Scientific Fermentas R red;
AluBI;AGCT;-2;-2;EcoBI;II;I;I:SibEnzyme B+BSA;
AluI;AGCT;-2;-2;EcoBI;II;BCFIJKMNOQRSUVXY;F:Thermo Scientific Fermentas TangoTM yellow,K:Takara L,M:Boehringer A,N:CutSmart Buffer,O:Toyobo EheI,R:Promega B,S:Sigma Buffer SM,G:Qbiogene II (Green),Q:CHIMERx 2,I:SibEnzyme B,J:Nippon M,U:Bangalore Genei C,X:EURx 2;
Alw21I;GWGCWC;-1;-5;CpG,EcoBI,EcoKI;II;F;F:Thermo Scientific Fermentas O orange;
Alw26I;GTCTC;1;5;CpG,EcoBI;II;F;F:Thermo Scientific Fermentas TangoTM yellow;
Alw44I;GTGCAC;-5;-1;CpG,EcoKI;II;FJ;F:Thermo Scientific Fermentas TangoTM yellow,J:Nippon H;
AlwI;GGATC;4;5;Dam,Dcm,CpG,EcoBI;II;N;N:CutSmart Buffer;
AlwNI;CAGNNNCTG;-3;-6;Dcm,EcoBI;II;N;N:CutSmart Buffer;
AlwXI;GCAGC;8;12;CpG,EcoBI;II;;;
Ama87I;CYCGRG;-5;-1;CpG;II;IV;I:SibEnzyme W;
AocI;CCTNAGG;-5;-2;EcoBI;II;;;
AocII;GDGCHC;-1;-5;Dcm,CpG,EcoBI,EcoKI;II;;;
Aor13HI;TCCGGA;-5;-1;Dam,CpG;II;K;K:Takara K+BSA;
Aor51HI;AGCGCT;-3;-3;CpG,EcoBI;II;K;K:Takara M;
AorI;CCWGG;-3;-2;Dcm;II;;;
AosI;TGCGCA;-3;-3;CpG,EcoKI;II;;;
AosII;GRCGYC;-4;-2;Dcm,CpG,EcoBI;II;;;
ApaBI;GCANNNNNTGC;-3;-8;CpG,EcoBI;II;;;
ApaCI;GGATCC;-5;-1;Dam,Dcm,CpG;II;;;
ApaI;GGGCCC;-1;-5;Dcm,CpG;II;BFIJKMNQRSUVX;F:Thermo Scientific Fermentas B blue,K:Takara L,M:Boehringer A,N:CutSmart Buffer,R:Promega A,S:Sigma Buffer SM,G:Qbiogene I (Blue),Q:CHIMERx 3,I:SibEnzyme Y,J:Nippon L,U:Bangalore Genei E,X:EURx 3;
ApaLI;GTGCAC;-5;-1;CpG,EcoKI;II;CKNU;K:Takara L,N:CutSmart Buffer,U:Bangalore Genei E + BSA;
ApaORI;CCWGG;-3;-2;Dcm;II;;;
ApeKI;GCWGC;-4;-1;CpG,EcoBI;II;N;N:NEBuffer 3.1;
ApiI;CTGCAG;-1;-5;;II;;;
AplI;CTGCAG;-1;-5;;II;;;
ApoI;RAATTY;-5;-1;CpG,EcoBI;II;N;N:NEBuffer 3.1;
ApyI;CCWGG;-3;-2;Dcm;II;;;
ApyPI;ATCGAC;20;18;Dam,CpG,EcoBI;II;;;
AquI;CYCGRG;-5;-1;CpG;II;;;
AquII;GCCGNAC;20;18;CpG,EcoKI;II;;;
AquIII;GAGGAG;20;18;CpG,EcoBI;II;;;
AquIV;GRGGAAG;19;17;Dcm,CpG,EcoBI;II;;;
ArsI;GACNNNNNNTTYG;-21,11;-26,6;CpG;II;I;I:SibEnzyme Y+BSA;
AscI;GGCGCGCC;-6;-2;Dcm,CpG;II;N;N:CutSmart Buffer,G:Qbiogene V (Red);
AseI;ATTAAT;-4;-2;EcoBI;II;JNO;N:NEBuffer 3.1,O:Toyobo Alw44I,J:Nippon H;
AseII;CCSGG;-3;-2;CpG;II;;;
Asi256I;GATC;-3;-1;Dam,CpG,EcoBI;II;;;
Asi372I;ATGCAT;-1;-5;EcoBI;II;;;
AsiAI;ACCGGT;-5;-1;CpG,EcoBI,EcoKI;II;;;
AsiGI;ACCGGT;-5;-1;CpG,EcoBI,EcoKI;II;IV;I:SibEnzyme O;
AsiI;GGATCC;-5;-1;Dam,Dcm,CpG;II;;;
AsiSI;GCGATCGC;-3;-5;Dam,CpG;II;IN;N:CutSmart Buffer;
AsnI;ATTAAT;-4;-2;EcoBI;II;;;
Asp10HI;TTCGAA;-4;-2;CpG,EcoKI;II;;;
Asp10HII;CCANNNNNTGG;-4;-7;Dcm;II;;;
Asp26HI;GAATGC;1;-1;CpG,EcoBI;II;;;
Asp27HI;GAATGC;1;-1;CpG,EcoBI;II;;;
Asp35HI;GAATGC;1;-1;CpG,EcoBI;II;;;
Asp36HI;GAATGC;1;-1;CpG,EcoBI;II;;;
Asp40HI;GAATGC;1;-1;CpG,EcoBI;II;;;
Asp50HI;GAATGC;1;-1;CpG,EcoBI;II;;;
Asp700I;GAANNNNTTC;-5;-5;CpG,EcoBI,EcoKI;II;M;M:Boehringer B;
Asp713I;CTGCAG;-1;-5;;II;;;
Asp718I;GGTACC;-5;-1;Dcm,CpG;II;M;M:Boehringer B;
Asp745I;GGWCC;-4;-1;Dcm,CpG;II;;;
AspA2I;CCTAGG;-5;-1;;II;IV;I:SibEnzyme W+BSA;
AspAI;GGTNACC;-6;-1;Dcm,CpG,EcoBI,EcoKI;II;;;
AspBHII;RGGWCCY;-5;-2;Dcm,CpG,EcoBI;II;;;
AspEI;GACNNNNNGTC;-5;-6;CpG;II;;;
AspHI;GWGCWC;-1;-5;CpG,EcoBI,EcoKI;II;;;
AspI;GACNNNGTC;-5;-4;CpG,EcoBI;II;;;
AspLEI;GCGC;-1;-3;CpG;II;IV;I:SibEnzyme O;
AspMDI;GATC;-4;0;Dam,CpG,EcoBI;II;;;
AspMI;AGGCCT;-3;-3;Dcm,EcoBI;II;;;
AspNI;GGNNCC;-3;-3;Dcm,CpG;II;;;
AspS9I;GGNCC;-4;-1;Dcm,CpG;II;IV;I:SibEnzyme W;
AssI;AGTACT;-3;-3;EcoBI;II;U;U:Bangalore Genei B;
AstWI;GRCGYC;-4;-2;Dcm,CpG,EcoBI;II;;;
AsuC2I;CCSGG;-3;-2;CpG;II;I;I:SibEnzyme Y;
AsuHPI;GGTGA;8;7;Dam,Dcm,CpG,EcoBI;II;IV;I:SibEnzyme O;
AsuI;GGNCC;-4;-1;Dcm,CpG;II;;;
AsuII;TTCGAA;-4;-2;CpG,EcoKI;II;C;;
AsuIII;GRCGYC;-4;-2;Dcm,CpG,EcoBI;II;;;
AsuNHI;GCTAGC;-5;-1;CpG;II;IV;I:SibEnzyme B;
AtsI;GACNNNGTC;-5;-4;CpG,EcoBI;II;;;
AvaI;CYCGRG;-5;-1;CpG;II;JNQRUX;N:CutSmart Buffer,R:Promega B,G:Qbiogene V (Red),J:Nippon M,U:Bangalore Genei E;
AvaII;GGWCC;-4;-1;Dcm,CpG;II;JNRXY;N:CutSmart Buffer,R:Promega C,G:Qbiogene I (Blue),J:Nippon M;
AvcI;GGNCC;-4;-1;Dcm,CpG;II;;;
AviII;TGCGCA;-3;-3;CpG,EcoKI;II;;;
AvoI;RCATGY;-1;-5;CpG,EcoBI,EcoKI;II;;;
AvrBII;CCTAGG;-5;-1;;II;;;
AvrII;CCTAGG;-5;-1;;II;N;N:CutSmart Buffer;
AxyI;CCTNAGG;-5;-2;EcoBI;II;J;J:Nippon M;
Bac36I;GGNCC;-4;-1;Dcm,CpG;II;;;
BaeGI;GKGCMC;-1;-5;Dcm,CpG,EcoKI;II;N;N:NEBuffer 3.1;
BaeI;ACNNNNGTAYC;-21,12;-26,7;Dcm,CpG,EcoBI;II;N;N:CutSmart Buffer + SAM;
Bal228I;GGNCC;-4;-1;Dcm,CpG;II;;;
BalI;TGGCCA;-3;-3;Dcm;II;BJKQRX;R:Promega G,J:Nippon H,X:EURx 21;
BamGI;CAGCTG;-3;-3;EcoBI;II;;;
BamHI;GGATCC;-5;-1;Dam,Dcm,CpG;II;BCFIJKMNOQRSUVXY;F:Thermo Scientific Fermentas buffer for BamHI, Lsp1109I,K:Takara K,M:Boehringer B,N:NEBuffer 3.1,O:Toyobo PpuMI,R:Promega E,S:Sigma Buffer SB,G:Special BamHI,Q:Chimerx 1,I:SibEnzyme G,J:Nippon A,U:Bangalore Genei B + BSA,X:EURx 1;
BamNII;GGWCC;-4;-1;Dcm,CpG;II;;;
BanAI;GGCC;-2;-2;Dcm,CpG;II;;;
BanI;GGYRCC;-5;-1;Dcm,CpG,EcoKI;II;NRU;N:CutSmart Buffer,R:Promega G,U:Bangalore Genei E;
BanII;GRGCYC;-1;-5;Dcm,CpG,EcoBI;II;KNX;K:Takara H,N:CutSmart Buffer,G:Qbiogene II (Green),X:EURx 3;
BanIII;ATCGAT;-4;-2;Dam,CpG,EcoBI;II;;;
BarI;GAAGNNNNNNTAC;-20,12;-25,7;CpG;II;I;I:SibEnzyme 2K;
BasI;CCANNNNNTGG;-4;-7;Dcm;II;U;;
BauI;CACGAG;-5;-1;CpG,EcoBI,EcoKI;II;F;F:Thermo Scientific Fermentas TangoTM yellow;
BavAI;CAGCTG;-3;-3;EcoBI;II;;;
BavAII;GGNCC;-4;-1;Dcm,CpG;II;;;
BavBI;CAGCTG;-3;-3;EcoBI;II;;;
BavBII;GGNCC;-4;-1;Dcm,CpG;II;;;
BavCI;ATCGAT;-4;-2;Dam,CpG,EcoBI;II;;;
BavI;CAGCTG;-3;-3;EcoBI;II;;;
BbeI;GGCGCC;-1;-5;Dcm,CpG;II;;;
Bbi24I;ACGCGT;-5;-1;CpG,EcoBI,EcoKI;II;;;
BbiII;GRCGYC;-4;-2;Dcm,CpG,EcoBI;II;;;
Bbr7I;GAAGAC;7;11;CpG,EcoBI;II;;;
BbrI;AAGCTT;-5;-1;EcoBI;II;;;
BbrPI;CACGTG;-3;-3;CpG,EcoBI,EcoKI;II;M;M:Boehringer B;
BbsI;GAAGAC;2;6;CpG,EcoBI;II;N;N:NEBuffer 2.1;
BbtI;GCGC;-3;-1;CpG;II;;;
BbuI;GCATGC;-1;-5;CpG,EcoBI;II;;;
Bbv12I;GWGCWC;-1;-5;CpG,EcoBI,EcoKI;II;IV;I:SibEnzyme O;
Bbv16II;GAAGAC;2;6;CpG,EcoBI;II;;;
BbvAI;GAANNNNTTC;-5;-5;CpG,EcoBI,EcoKI;II;;;
BbvAII;ATCGAT;-4;-2;Dam,CpG,EcoBI;II;;;
BbvAIII;TCCGGA;-5;-1;Dam,CpG;II;;;
BbvBI;GGYRCC;-5;-1;Dcm,CpG,EcoKI;II;;;
BbvCI;CCTCAGC;-5;-2;CpG,EcoBI;II;N;N:CutSmart Buffer;
BbvI;GCAGC;8;12;CpG,EcoBI;II;N;N:CutSmart Buffer;
BbvII;GAAGAC;2;6;CpG,EcoBI;II;;;
Bca77I;WCCGGW;-5;-1;Dam,CpG,EcoBI,EcoKI;II;;;
BccI;CCATC;4;5;CpG,EcoBI;II;N;N:CutSmart Buffer;
Bce22I;GGNCC;-4;-1;Dcm,CpG;II;;;
Bce243I;GATC;-4;0;Dam,CpG,EcoBI;II;;;
Bce4I;GCNNNNNNNGC;-4;-7;CpG;II;;;
Bce751I;GGATCC;-5;-1;Dam,Dcm,CpG;II;;;
Bce83I;CTTGAG;16;14;EcoBI;II;;;
BceAI;ACGGC;12;14;CpG,EcoBI,EcoKI;II;N;N:NEBuffer 3.1;
BceBI;CGCG;-2;-2;CpG;II;;;
BceCI;GCNNNNNNNGC;-4;-7;CpG;II;;;
BcefI;ACGGC;12;13;CpG,EcoBI,EcoKI;II;;;
BceSI;CGAAG;27;29;CpG;III;;;
BceSIII;ACGGC;12;14;CpG,EcoBI,EcoKI;II;;;
BcgI;CGANNNNNNTGC;-22,12;-24,10;Dam,CpG;II;N;N:NEBuffer 3.1 + SAM;
Bci29I;ATCGAT;-4;-2;Dam,CpG,EcoBI;II;;;
BciBI;ATCGAT;-4;-2;Dam,CpG,EcoBI;II;;;
BciBII;CCWGG;-3;-2;Dcm;II;;;
BciT130I;CCWGG;-3;-2;Dcm;II;K;;
BciVI;GTATCC;6;5;Dcm,CpG;II;N;N:CutSmart Buffer;
BclI;TGATCA;-5;-1;Dam,EcoBI;II;CFJMNORSUY;F:Thermo Scientific Fermentas G green,M:Boehringer M,N:NEBuffer 3.1,O:Toyobo BanIII,R:Promega C,S:Sigma Buffer SB,G:Qbiogene III (Yellow),J:Nippon H,U:Bangalore Genei B;
BcmI;ATCGAT;-4;-2;Dam,CpG,EcoBI;II;;;
BcnI;CCSGG;-3;-2;CpG;II;FK;F:Thermo Scientific Fermentas TangoTM yellow,K:Takara H;
Bco116I;CTCTTC;1;4;CpG,EcoBI;II;;;
Bco118I;RCCGGY;-5;-1;CpG,EcoBI,EcoKI;II;;;
Bco27I;CCGG;-3;-1;CpG;II;;;
Bco5I;CTCTTC;1;4;CpG,EcoBI;II;;;
BcoAI;CACGTG;-3;-3;CpG,EcoBI,EcoKI;II;;;
BcoDI;GTCTC;1;5;CpG,EcoBI;II;N;N:CutSmart Buffer;
BcoI;CYCGRG;-5;-1;CpG;II;;;
BcoKI;CTCTTC;1;4;CpG,EcoBI;II;;;
BcuAI;GGWCC;-4;-1;Dcm,CpG;II;;;
BcuI;ACTAGT;-5;-1;EcoBI,EcoKI;II;F;F:Thermo Scientific Fermentas TangoTM yellow;
BdaI;TGANNNNNNTCA;-22,12;-24,10;Dam;II;;;
BdiI;ATCGAT;-4;-2;Dam,CpG,EcoBI;II;;;
BdiSI;CTRYAG;-5;-1;;II;;;
BecAII;GGCC;-2;-2;Dcm,CpG;II;;;
BepI;CGCG;-2;-2;CpG;II;;;
BetI;WCCGGW;-5;-1;Dam,CpG,EcoBI,EcoKI;II;;;
BfaI;CTAG;-3;-1;;II;N;N:CutSmart Buffer;
Bfi57I;GATC;-4;0;Dam,CpG,EcoBI;II;;;
Bfi89I;YGGCCR;-5;-1;Dcm,CpG;II;;;
BfiI;ACTGGG;5;4;EcoBI,EcoKI;II;;;
BflI;CCNNNNNNNGG;-4;-7;Dcm,CpG;II;;;
BfmI;CTRYAG;-5;-1;;II;F;F:Thermo Scientific Fermentas TangoTM yellow;
BfoI;RGCGCY;-1;-5;Dcm,CpG,EcoBI;II;F;;
BfrBI;ATGCAT;-1;-5;EcoBI;II;;;
BfrI;CTTAAG;-5;-1;;II;M;M:Boehringer M;
BfuAI;ACCTGC;4;8;CpG,EcoBI,EcoKI;II;N;N:NEBuffer 3.1;
BfuAII;GCATGC;-1;-5;CpG,EcoBI;II;;;
BfuCI;GATC;-4;0;Dam,CpG,EcoBI;II;N;N:CutSmart Buffer;
BfuI;GTATCC;6;5;Dcm,CpG;II;F;F:Thermo Scientific Fermentas buffer for BfuI;
BgiI;GACNNNGTC;-5;-4;CpG,EcoBI;II;;;
BglI;GCCNNNNNGGC;-4;-7;Dcm,CpG;II;CFIJKNOQRUVXY;F:Thermo Scientific Fermentas O orange,N:NEBuffer 3.1,O:Toyobo BclI,R:Promega D,G:Qbiogene III (Yellow),Q:Chimerx 1,I:SibEnzyme W,J:Nippon H,U:Bangalore Genei B,X:EURx 1;
BglII;AGATCT;-5;-1;Dam,EcoBI;II;BCFIJKMNOQRSUXY;F:Thermo Scientific Fermentas O orange,K:Takara H,M:Boehringer M,N:NEBuffer 3.1,O:Toyobo BfrI,R:Promega D,S:Sigma Buffer SB,G:Qbiogene III (Yellow),Q:CHIMERx 4,I:SibEnzyme O,J:Nippon H,U:Bangalore Genei B,X:EURx 4;
Bim19I;TTCGAA;-4;-2;CpG,EcoKI;II;;;
Bim19II;GGCC;-2;-2;Dcm,CpG;II;;;
BimI;TTCGAA;-4;-2;CpG,EcoKI;II;;;
BinI;GGATC;4;5;Dam,Dcm,CpG,EcoBI;II;;;
BinSII;GGCGCC;-1;-5;Dcm,CpG;II;;;
BlfI;TCCGGA;-5;-1;Dam,CpG;II;;;
Bli41I;ATCGAT;-4;-2;Dam,CpG,EcoBI;II;;;
Bli736I;GGTCTC;1;5;Dcm,CpG,EcoBI;II;;;
Bli86I;ATCGAT;-4;-2;Dam,CpG,EcoBI;II;;;
BliAI;ATCGAT;-4;-2;Dam,CpG,EcoBI;II;;;
BliHKI;CCTNAGG;-5;-2;EcoBI;II;;;
BliRI;ATCGAT;-4;-2;Dam,CpG,EcoBI;II;;;
BlnI;CCTAGG;-5;-1;;II;KMS;K:Takara K,M:Boehringer H,S:Sigma Buffer SL;
BloHI;RGATCY;-5;-1;Dam,Dcm,CpG,EcoBI;II;;;
BloHII;CTGCAG;-1;-5;;II;;;
BlpI;GCTNAGC;-5;-2;CpG,EcoBI;II;N;N:CutSmart Buffer;
BluI;CTCGAG;-5;-1;CpG;II;;;
BmaHI;GAATGC;1;-1;CpG,EcoBI;II;;;
BmcAI;AGTACT;-3;-3;EcoBI;II;V;;
Bme12I;GATC;-4;0;Dam,CpG,EcoBI;II;;;
Bme1390I;CCNGG;-3;-2;Dcm,CpG;II;F;F:Thermo Scientific Fermentas O orange;
Bme142I;RGCGCY;-3;-3;Dcm,CpG,EcoBI;II;;;
Bme1580I;GKGCMC;-1;-5;Dcm,CpG,EcoKI;II;;;
Bme18I;GGWCC;-4;-1;Dcm,CpG;II;IV;I:SibEnzyme O;
Bme216I;GGWCC;-4;-1;Dcm,CpG;II;;;
Bme361I;GGCC;-2;-2;Dcm,CpG;II;;;
Bme585I;CCCGC;4;6;CpG;II;;;
BmeRI;GACNNNNNGTC;-5;-6;CpG;II;V;;
BmeT110I;CYCGRG;-5;-1;CpG;II;BK;;
BmgBI;CACGTC;-3;-3;CpG,EcoBI,EcoKI;II;N;N:NEBuffer 3.1;
BmgT120I;GGNCC;-4;-1;Dcm,CpG;II;K;;
BmiI;GGNNCC;-3;-3;Dcm,CpG;II;V;;
BmpI;GGWCC;-4;-1;Dcm,CpG;II;;;
BmrFI;CCNGG;-3;-2;Dcm,CpG;II;V;;
BmrI;ACTGGG;5;4;EcoBI,EcoKI;II;N;N:NEBuffer 2.1;
BmsI;GCATC;5;9;CpG,EcoBI;II;F;;
BmtI;GCTAGC;-1;-5;CpG;II;INV;N:NEBuffer 3.1,I:SibEnzyme W;
BmuI;ACTGGG;5;4;EcoBI,EcoKI;II;I;I:SibEnzyme Y;
BmyI;GDGCHC;-1;-5;Dcm,CpG,EcoBI,EcoKI;II;;;
BnaI;GGATCC;-5;-1;Dam,Dcm,CpG;II;;;
BoxI;GACNNNNGTC;-5;-5;CpG,EcoBI;II;F;F:Thermo Scientific Fermentas TangoTM yellow;
Bpa34I;AGTACT;-3;-3;EcoBI;II;;;
BpcI;CTRYAG;-5;-1;;II;;;
BpiI;GAAGAC;2;6;CpG,EcoBI;II;F;F:Thermo Scientific Fermentas G green;
BplI;GAGNNNNNCTC;-19,13;-24,8;CpG;II;F;F:Thermo Scientific Fermentas TangoTM yellow;
BpmI;CTGGAG;16;14;Dcm;II;IN;N:NEBuffer 3.1,I:SibEnzyme W+BSA;
BpoAI;ATTAAT;-4;-2;EcoBI;II;;;
BptI;CCWGG;-3;-2;Dcm;II;;;
Bpu10I;CCTNAGC;-5;-2;CpG,EcoBI;II;FINV;F:Thermo Scientific Fermentas AarI, AjiI, Bpu10I, ScaI, PasI,N:NEBuffer 3.1,I:SibEnzyme K;
Bpu1102I;GCTNAGC;-5;-2;CpG,EcoBI;II;FK;F:Thermo Scientific Fermentas TangoTM yellow,K:Takara T+BSA;
Bpu14I;TTCGAA;-4;-2;CpG,EcoKI;II;IV;I:SibEnzyme G;
Bpu95I;CGCG;-2;-2;CpG;II;;;
BpuAI;GAAGAC;2;6;CpG,EcoBI;II;;;
BpuAmI;GAGCTC;-3;-3;CpG,EcoBI;II;;;
BpuB5I;CGTACG;-5;-1;CpG;II;;;
BpuDI;CCTNAGC;-5;-2;CpG,EcoBI;II;;;
BpuEI;CTTGAG;16;14;EcoBI;II;N;N:CutSmart Buffer + SAM;
BpuI;GRGCYC;-1;-5;Dcm,CpG,EcoBI;II;;;
BpuMI;CCSGG;-3;-2;CpG;II;V;;
BpuSI;GGGAC;10;14;Dcm,CpG;II;;;
BpvUI;CGATCG;-2;-4;Dam,CpG;II;V;;
Bsa29I;ATCGAT;-4;-2;Dam,CpG,EcoBI;II;I;I:SibEnzyme G;
BsaAI;YACGTR;-3;-3;CpG,EcoBI,EcoKI;II;N;N:CutSmart Buffer;
BsaBI;GATNNNNATC;-5;-5;Dam,CpG,EcoBI;II;N;N:CutSmart Buffer;
BsaHI;GRCGYC;-4;-2;Dcm,CpG,EcoBI;II;N;N:CutSmart Buffer;
BsaI;GGTCTC;1;5;Dcm,CpG,EcoBI;II;N;N:CutSmart Buffer;
BsaJI;CCNNGG;-5;-1;Dcm,CpG;II;N;N:CutSmart Buffer;
BsaMI;GAATGC;1;-1;CpG,EcoBI;II;;;
BsaOI;CGRYCG;-2;-4;Dam,CpG;II;;;
BsaWI;WCCGGW;-5;-1;Dam,CpG,EcoBI,EcoKI;II;N;N:CutSmart Buffer;
BsaXI;ACNNNNNCTCC;-20,10;-23,7;Dcm,CpG;II;N;N:CutSmart Buffer;
BsbI;CAACAC;21;19;CpG,EcoBI,EcoKI;II;;;
Bsc107I;CCNNNNNNNGG;-4;-7;Dcm,CpG;II;;;
Bsc4I;CCNNNNNNNGG;-4;-7;Dcm,CpG;II;I;I:SibEnzyme W;
Bsc91I;GAAGAC;2;6;CpG,EcoBI;II;;;
BscAI;GCATC;4;6;CpG,EcoBI;II;;;
BscBI;GGNNCC;-3;-3;Dcm,CpG;II;;;
BscCI;GAATGC;1;-1;CpG,EcoBI;II;;;
BscFI;GATC;-4;0;Dam,CpG,EcoBI;II;;;
BscI;ATCGAT;-4;-2;Dam,CpG,EcoBI;II;;;
Bse118I;RCCGGY;-5;-1;CpG,EcoBI,EcoKI;II;IV;I:SibEnzyme O;
Bse15I;CYCGRG;-5;-1;CpG;II;;;
Bse16I;CCWGG;-3;-2;Dcm;II;;;
Bse17I;CCWGG;-3;-2;Dcm;II;;;
Bse1I;ACTGG;1;-1;EcoBI,EcoKI;II;IV;I:SibEnzyme Y;
Bse21I;CCTNAGG;-5;-2;EcoBI;II;IV;I:SibEnzyme B;
Bse24I;CCWGG;-3;-2;Dcm;II;;;
Bse3DI;GCAATG;2;0;CpG,EcoBI;II;IV;I:SibEnzyme G;
Bse634I;RCCGGY;-5;-1;CpG,EcoBI,EcoKI;II;;;
Bse64I;GGTNACC;-6;-1;Dcm,CpG,EcoBI,EcoKI;II;;;
Bse8I;GATNNNNATC;-5;-5;Dam,CpG,EcoBI;II;IV;I:SibEnzyme G;
BseAI;TCCGGA;-5;-1;Dam,CpG;II;C;C:Minotech Unique Buffer 3;
BseBI;CCWGG;-3;-2;Dcm;II;C;C:Minotech Medium Salt Buffer;
BseCI;ATCGAT;-4;-2;Dam,CpG,EcoBI;II;C;C:Minotech High Salt Buffer;
BseDI;CCNNGG;-5;-1;Dcm,CpG;II;F;F:Thermo Scientific Fermentas TangoTM yellow;
BseGI;GGATG;2;0;Dcm,CpG,EcoBI;II;F;F:Thermo Scientific Fermentas TangoTM yellow;
BseJI;GATNNNNATC;-5;-5;Dam,CpG,EcoBI;II;F;F:Thermo Scientific Fermentas O orange;
BseKI;GCAGC;8;12;CpG,EcoBI;II;;;
BseLI;CCNNNNNNNGG;-4;-7;Dcm,CpG;II;F;F:Thermo Scientific Fermentas TangoTM yellow;
BseMI;GCAATG;2;0;CpG,EcoBI;II;F;F:Thermo Scientific Fermentas R red;
BseMII;CTCAG;10;8;EcoBI;II;F;F:Thermo Scientific Fermentas TangoTM yellow +SAM;
BseNI;ACTGG;1;-1;EcoBI,EcoKI;II;F;F:Thermo Scientific Fermentas B blue;
BsePI;GCGCGC;-5;-1;CpG;II;IV;I:SibEnzyme G;
BseQI;GGCC;-2;-2;Dcm,CpG;II;;;
BseRI;GAGGAG;10;8;CpG,EcoBI;II;N;N:CutSmart Buffer;
BseSI;GKGCMC;-1;-5;Dcm,CpG,EcoKI;II;F;F:Thermo Scientific Fermentas G green;
BseT10I;GGTNACC;-6;-1;Dcm,CpG,EcoBI,EcoKI;II;;;
BseT9I;GGTNACC;-6;-1;Dcm,CpG,EcoBI,EcoKI;II;;;
BseX3I;CGGCCG;-5;-1;CpG;II;IV;I:SibEnzyme O;
BseXI;GCAGC;8;12;CpG,EcoBI;II;F;F:Thermo Scientific Fermentas buffer for BseXI;
BseYI;CCCAGC;-5;-1;CpG;II;N;N:NEBuffer 3.1;
BseZI;CTCTTC;1;4;CpG,EcoBI;II;;;
BsgI;GTGCAG;16;14;CpG,EcoKI;II;N;N:CutSmart Buffer + SAM;
Bsh1236I;CGCG;-2;-2;CpG;II;F;F:Thermo Scientific Fermentas R red;
Bsh1285I;CGRYCG;-2;-4;Dam,CpG;II;F;F:Thermo Scientific Fermentas G green;
Bsh1365I;GATNNNNATC;-5;-5;Dam,CpG,EcoBI;II;;;
Bsh45I;GWGCWC;-1;-5;CpG,EcoBI,EcoKI;II;;;
BshFI;GGCC;-2;-2;Dcm,CpG;II;C;C:Minotech Tris Acetate Buffer;
BshGI;CCWGG;-3;-2;Dcm;II;;;
BshI;GGCC;-2;-2;Dcm,CpG;II;;;
BshKI;GGNCC;-4;-1;Dcm,CpG;II;;;
BshNI;GGYRCC;-5;-1;Dcm,CpG,EcoKI;II;F;F:Thermo Scientific Fermentas O orange;
BshTI;ACCGGT;-5;-1;CpG,EcoBI,EcoKI;II;BF;F:Thermo Scientific Fermentas O orange;
BshVI;ATCGAT;-4;-2;Dam,CpG,EcoBI;II;V;;
BsiBI;GATNNNNATC;-5;-5;Dam,CpG,EcoBI;II;;;
BsiCI;TTCGAA;-4;-2;CpG,EcoKI;II;;;
BsiEI;CGRYCG;-2;-4;Dam,CpG;II;N;N:CutSmart Buffer;
BsiHKAI;GWGCWC;-1;-5;CpG,EcoBI,EcoKI;II;N;N:CutSmart Buffer;
BsiHKCI;CYCGRG;-5;-1;CpG;II;QX;Q:CHIMERx 5,X:EURx 17;
BsiI;CACGAG;-5;-1;CpG,EcoBI,EcoKI;II;;;
BsiKI;GGTNACC;-6;-1;Dcm,CpG,EcoBI,EcoKI;II;;;
BsiLI;CCWGG;-3;-2;Dcm;II;;;
BsiMI;TCCGGA;-5;-1;Dam,CpG;II;;;
BsiQI;TGATCA;-5;-1;Dam,EcoBI;II;;;
BsiSI;CCGG;-3;-1;CpG;II;C;C:Minotech Unique Buffer 4;
BsiWI;CGTACG;-5;-1;CpG;II;N;N:NEBuffer 3.1;
BsiXI;ATCGAT;-4;-2;Dam,CpG,EcoBI;II;;;
BsiYI;CCNNNNNNNGG;-4;-7;Dcm,CpG;II;;;
BsiZI;GGNCC;-4;-1;Dcm,CpG;II;;;
BslFI;GGGAC;10;14;Dcm,CpG;II;I;I:SibEnzyme Y+BSA;
BslI;CCNNNNNNNGG;-4;-7;Dcm,CpG;II;N;N:CutSmart Buffer,G:Qbiogene III (Yellow);
Bsm6I;GWGCWC;-1;-5;CpG,EcoBI,EcoKI;II;;;
BsmAI;GTCTC;1;5;CpG,EcoBI;II;N;N:CutSmart Buffer;
BsmBI;CGTCTC;1;5;CpG,EcoBI;II;N;N:NEBuffer 3.1;
BsmFI;GGGAC;10;14;Dcm,CpG;II;N;N:CutSmart Buffer;
BsmI;GAATGC;1;-1;CpG,EcoBI;II;JMNS;M:Boehringer H,N:CutSmart Buffer,S:Sigma Buffer SL,J:Nippon A;
BsmRI;TGTACA;-5;-1;;II;;;
BsmSI;CCWWGG;-5;-1;;II;;;
BsnI;GGCC;-2;-2;Dcm,CpG;II;V;;
Bso31I;GGTCTC;1;5;Dcm,CpG,EcoBI;II;IV;I:SibEnzyme O;
BsoBI;CYCGRG;-5;-1;CpG;II;N;N:CutSmart Buffer;
BsoCI;GDGCHC;-1;-5;Dcm,CpG,EcoBI,EcoKI;II;;;
BsoFI;GCNGC;-3;-2;CpG;II;;;
BsoMAI;GTCTC;1;5;CpG,EcoBI;II;;;
Bsp105I;GATC;-4;0;Dam,CpG,EcoBI;II;;;
Bsp106I;ATCGAT;-4;-2;Dam,CpG,EcoBI;II;;;
Bsp119I;TTCGAA;-4;-2;CpG,EcoKI;II;F;F:Thermo Scientific Fermentas TangoTM yellow;
Bsp120I;GGGCCC;-5;-1;Dcm,CpG;II;F;F:Thermo Scientific Fermentas B blue;
Bsp123I;CGCG;-2;-2;CpG;II;;;
Bsp1286I;GDGCHC;-1;-5;Dcm,CpG,EcoBI,EcoKI;II;JKN;K:Takara L,N:CutSmart Buffer,J:Nippon A;
Bsp13I;TCCGGA;-5;-1;Dam,CpG;II;IV;I:SibEnzyme Bsp13I;
Bsp1407I;TGTACA;-5;-1;;II;FK;F:Thermo Scientific Fermentas TangoTM yellow,K:Takara T+BSA;
Bsp143I;GATC;-4;0;Dam,CpG,EcoBI;II;F;F:Thermo Scientific Fermentas buffer for Bsp143I;
Bsp143II;RGCGCY;-1;-5;Dcm,CpG,EcoBI;II;;;
Bsp153AI;CAGCTG;-3;-3;EcoBI;II;;;
Bsp1720I;GCTNAGC;-5;-2;CpG,EcoBI;II;IV;I:SibEnzyme G;
Bsp1894I;GGNCC;-4;-1;Dcm,CpG;II;;;
Bsp19I;CCATGG;-5;-1;;II;IV;I:SibEnzyme W;
Bsp2095I;GATC;-4;0;Dam,CpG,EcoBI;II;;;
Bsp211I;GGCC;-2;-2;Dcm,CpG;II;;;
Bsp24I;GACNNNNNNTGG;-20,12;-25,7;Dcm,CpG;II;;;
Bsp4009I;GGATCC;-5;-1;Dam,Dcm,CpG;II;;;
Bsp423I;GCAGC;8;12;CpG,EcoBI;II;;;
Bsp50I;CGCG;-2;-2;CpG;II;;;
Bsp519I;GRGCYC;-1;-5;Dcm,CpG,EcoBI;II;;;
Bsp63I;CTGCAG;-1;-5;;II;;;
Bsp67I;GATC;-4;0;Dam,CpG,EcoBI;II;;;
Bsp68I;TCGCGA;-3;-3;Dam,CpG;II;F;F:Thermo Scientific Fermentas O orange;
Bsp6I;GCNGC;-3;-2;CpG;II;;;
Bsp98I;GGATCC;-5;-1;Dam,Dcm,CpG;II;;;
BspA2I;CCTAGG;-5;-1;;II;;;
BspAAI;CTCGAG;-5;-1;CpG;II;;;
BspAAII;TCTAGA;-5;-1;Dam;II;;;
BspAAIII;GGATCC;-5;-1;Dam,Dcm,CpG;II;;;
BspACI;CCGC;-3;-1;CpG;II;I;I:SibEnzyme O+BSA;
BspAI;GATC;-4;0;Dam,CpG,EcoBI;II;;;
BspANI;GGCC;-2;-2;Dcm,CpG;II;;;
BspBI;CTGCAG;-1;-5;;II;;;
BspBII;GGNCC;-4;-1;Dcm,CpG;II;;;
BspBRI;GGCC;-2;-2;Dcm,CpG;II;;;
BspBS31I;GAAGAC;2;6;CpG,EcoBI;II;;;
BspCI;CGATCG;-2;-4;Dam,CpG;II;;;
BspCNI;CTCAG;9;7;EcoBI;II;N;N:CutSmart Buffer + SAM;
BspD6I;GACTC;4;6;CpG,EcoBI;II;;;
BspDI;ATCGAT;-4;-2;Dam,CpG,EcoBI;II;N;N:CutSmart Buffer;
BspEI;TCCGGA;-5;-1;Dam,CpG;II;N;N:NEBuffer 3.1;
BspF4I;GGNCC;-4;-1;Dcm,CpG;II;;;
BspFI;GATC;-4;0;Dam,CpG,EcoBI;II;;;
BspFNI;CGCG;-2;-2;CpG;II;I;I:SibEnzyme Y;
BspHI;TCATGA;-5;-1;Dam,EcoBI;II;N;N:CutSmart Buffer;
BspIS4I;GAAGAC;2;6;CpG,EcoBI;II;;;
BspJI;GATC;-4;0;Dam,CpG,EcoBI;II;;;
BspJII;ATCGAT;-4;-2;Dam,CpG,EcoBI;II;;;
BspKI;GGCC;-2;-2;Dcm,CpG;II;;;
BspKMI;GATC;-4;0;Dam,CpG,EcoBI;II;;;
BspKT5I;CTGAAG;16;14;EcoBI;II;;;
BspKT6I;GATC;-1;-3;Dam,CpG,EcoBI;II;;;
BspKT8I;AAGCTT;-5;-1;EcoBI;II;;;
BspLAI;GCGC;-1;-3;CpG;II;;;
BspLAII;TTCGAA;-4;-2;CpG,EcoKI;II;;;
BspLAIII;AAGCTT;-5;-1;EcoBI;II;;;
BspLI;GGNNCC;-3;-3;Dcm,CpG;II;F;F:Thermo Scientific Fermentas TangoTM yellow;
BspLS2I;GDGCHC;-1;-5;Dcm,CpG,EcoBI,EcoKI;II;;;
BspLU11I;ACATGT;-5;-1;EcoBI,EcoKI;II;;;
BspLU11III;GGGAC;10;14;Dcm,CpG;II;;;
BspLU4I;CYCGRG;-5;-1;CpG;II;;;
BspM39I;CAGCTG;-3;-3;EcoBI;II;;;
BspM90I;GTATAC;-3;-3;CpG;II;;;
BspMAI;CTGCAG;-1;-5;;II;;;
BspMI;ACCTGC;4;8;CpG,EcoBI,EcoKI;II;N;N:NEBuffer 3.1;
BspMII;TCCGGA;-5;-1;Dam,CpG;II;;;
BspMKI;GTCGAC;-5;-1;CpG;II;;;
BspNI;CCWGG;-3;-2;Dcm;II;;;
BspO4I;CAGCTG;-3;-3;EcoBI;II;;;
BspOI;GCTAGC;-1;-5;CpG;II;F;F:Thermo Scientific Fermentas O orange;
BspOVI;GACNNNNNGTC;-5;-6;CpG;II;;;
BspOVII;ATCGAT;-4;-2;Dam,CpG,EcoBI;II;;;
BspPI;GGATC;4;5;Dam,Dcm,CpG,EcoBI;II;F;F:Thermo Scientific Fermentas TangoTM yellow;
BspQI;GCTCTTC;1;4;CpG,EcoBI;II;N;N:NEBuffer 3.1;
BspR7I;CCTNAGG;-5;-2;EcoBI;II;;;
BspRI;GGCC;-2;-2;Dcm,CpG;II;;;
BspST5I;GCATC;5;9;CpG,EcoBI;II;;;
BspT104I;TTCGAA;-4;-2;CpG,EcoKI;II;K;K:Takara L;
BspT107I;GGYRCC;-5;-1;Dcm,CpG,EcoKI;II;K;K:Takara K;
BspTI;CTTAAG;-5;-1;;II;F;F:Thermo Scientific Fermentas O orange;
BspTNI;GGTCTC;1;5;Dcm,CpG,EcoBI;II;;;
BspTS514I;GAAGAC;2;6;CpG,EcoBI;II;;;
BspUI;GCSGC;-1;-4;CpG;II;;;
BspWI;GCNNNNNNNGC;-4;-7;CpG;II;;;
BspXI;ATCGAT;-4;-2;Dam,CpG,EcoBI;II;;G:Qbiogene II (Green);
BspXII;TGATCA;-5;-1;Dam,EcoBI;II;;;
BspZEI;ATCGAT;-4;-2;Dam,CpG,EcoBI;II;;;
BsrAI;GGWCC;-4;-1;Dcm,CpG;II;;;
BsrBI;CCGCTC;-3;-3;CpG,EcoBI;II;N;N:CutSmart Buffer;
BsrBRI;GATNNNNATC;-5;-5;Dam,CpG,EcoBI;II;;;
BsrDI;GCAATG;2;0;CpG,EcoBI;II;N;N:NEBuffer 2.1;
BsrFI;RCCGGY;-5;-1;CpG,EcoBI,EcoKI;II;N;N:CutSmart Buffer;
BsrGI;TGTACA;-5;-1;;II;N;N:NEBuffer 2.1;
BsrI;ACTGG;1;-1;EcoBI,EcoKI;II;N;N:NEBuffer 3.1;
BsrSI;ACTGG;1;-1;EcoBI,EcoKI;II;R;R:Promega D;
BssAI;RCCGGY;-5;-1;CpG,EcoBI,EcoKI;II;C;C:Minotech Unique Buffer 5;
BssECI;CCNNGG;-5;-1;Dcm,CpG;II;I;I:SibEnzyme Y;
BssHI;CTCGAG;-5;-1;CpG;II;;;
BssHII;GCGCGC;-5;-1;CpG;II;JKMNQRX;K:Takara M,M:Boehringer A,N:CutSmart Buffer,R:Promega H,Q:CHIMERx 2,J:Nippon A,X:EURx 2;
BssIMI;GGGTC;-3;0;Dcm,CpG,EcoBI;II;;;
BssKI;CCNGG;-5;0;Dcm,CpG;II;N;N:CutSmart Buffer;
BssMI;GATC;-4;0;Dam,CpG,EcoBI;II;V;;
BssNAI;GTATAC;-3;-3;CpG;II;IV;I:SibEnzyme W;
BssNI;GRCGYC;-4;-2;Dcm,CpG,EcoBI;II;V;;
BssSI;CACGAG;-5;-1;CpG,EcoBI,EcoKI;II;N;N:NEBuffer 3.1;
BssT1I;CCWWGG;-5;-1;;II;IV;I:SibEnzyme W;
Bst100I;CCWGG;-3;-2;Dcm;II;;;
Bst1107I;GTATAC;-3;-3;CpG;II;FK;F:Thermo Scientific Fermentas O orange,K:Takara K;
Bst11I;ACTGG;1;-1;EcoBI,EcoKI;II;;;
Bst12I;GCAGC;8;12;CpG,EcoBI;II;;;
Bst19I;GCATC;4;6;CpG,EcoBI;II;;;
Bst19II;GATC;-4;0;Dam,CpG,EcoBI;II;;;
Bst1I;CCWGG;-3;-2;Dcm;II;;;
Bst22I;CCNNNNNNNGG;-4;-7;Dcm,CpG;II;;;
Bst28I;ATCGAT;-4;-2;Dam,CpG,EcoBI;II;;;
Bst2BI;CACGAG;-5;-1;CpG,EcoBI,EcoKI;II;IV;I:SibEnzyme Y;
Bst2I;CCWGG;-3;-2;Dcm;II;;;
Bst2UI;CCWGG;-3;-2;Dcm;II;IV;I:SibEnzyme G;
Bst31NI;CCGCTC;-3;-3;CpG,EcoBI;II;;;
Bst31TI;GGATC;4;5;Dam,Dcm,CpG,EcoBI;II;;;
Bst38I;CCWGG;-3;-2;Dcm;II;;;
Bst40I;CCGG;-3;-1;CpG;II;;;
Bst4CI;ACNGT;-2;-3;CpG,EcoBI,EcoKI;II;IV;I:SibEnzyme Bst4CI;
Bst6I;CTCTTC;1;4;CpG,EcoBI;II;IV;I:SibEnzyme Y;
Bst71I;GCAGC;8;12;CpG,EcoBI;II;;;
Bst98I;CTTAAG;-5;-1;;II;;;
BstACI;GRCGYC;-4;-2;Dcm,CpG,EcoBI;II;I;I:SibEnzyme W;
BstAFI;CTTAAG;-5;-1;;II;I;I:SibEnzyme BstAFI;
BstAPI;GCANNNNNTGC;-4;-7;CpG,EcoBI;II;IN;N:CutSmart Buffer,I:SibEnzyme W;
BstAUI;TGTACA;-5;-1;;II;IV;I:SibEnzyme W;
BstB7SI;RCCGGY;-5;-1;CpG,EcoBI,EcoKI;II;;;
BstBAI;YACGTR;-3;-3;CpG,EcoBI,EcoKI;II;IV;I:SibEnzyme W;
BstBI;TTCGAA;-4;-2;CpG,EcoKI;II;N;N:CutSmart Buffer;
BstBS32I;GAAGAC;2;6;CpG,EcoBI;II;;;
BstBSI;GTATAC;-3;-3;CpG;II;;;
BstBZ153I;GCGCGC;-5;-1;CpG;II;;;
BstC8I;GCNNGC;-3;-3;CpG;II;I;I:SibEnzyme Y;
BstD102I;CCGCTC;-3;-3;CpG,EcoBI;II;;;
BstDEI;CTNAG;-4;-1;EcoBI;II;IV;I:SibEnzyme G;
BstDSI;CCRYGG;-5;-1;CpG;II;IV;I:SibEnzyme Y;
BstEII;GGTNACC;-6;-1;Dcm,CpG,EcoBI,EcoKI;II;CJNRSU;N:NEBuffer 3.1,R:Promega D,S:Sigma Buffer SB,G:Qbiogene IV (Orange),J:Nippon H,U:Bangalore Genei B;
BstENI;CCTNNNNNAGG;-6;-5;Dcm,EcoBI;II;IV;I:SibEnzyme Y;
BstENII;GATC;-4;0;Dam,CpG,EcoBI;II;;;
BstEZ359I;GTTAAC;-3;-3;CpG,EcoKI;II;;;
BstF5I;GGATG;2;0;Dcm,CpG,EcoBI;II;IV;I:SibEnzyme Y;
BstFI;AAGCTT;-5;-1;EcoBI;II;;;
BstFNI;CGCG;-2;-2;CpG;II;IV;I:SibEnzyme Y;
BstFZ438I;CCCGC;4;6;CpG;II;;;
BstGZ53I;CGTCTC;1;5;CpG,EcoBI;II;;;
BstH2I;RGCGCY;-1;-5;Dcm,CpG,EcoBI;II;IV;I:SibEnzyme Y;
BstH9I;GGATC;4;5;Dam,Dcm,CpG,EcoBI;II;;;
BstHHI;GCGC;-1;-3;CpG;II;IV;I:SibEnzyme Y+BSA;
BstHPI;GTTAAC;-3;-3;CpG,EcoKI;II;;;
BstHZ55I;CCANNNNNNTGG;-4;-8;Dcm;II;;;
BstI;GGATCC;-5;-1;Dam,Dcm,CpG;II;;;
BstIZ316I;CACNNNGTG;-3;-6;CpG,EcoBI,EcoKI;II;;;
BstJZ301I;CTNAG;-4;-1;EcoBI;II;;;
BstKTI;GATC;-1;-3;Dam,CpG,EcoBI;II;I;I:SibEnzyme W;
BstM6I;CCWGG;-3;-2;Dcm;II;;;
BstMAI;GTCTC;1;5;CpG,EcoBI;II;IV;I:SibEnzyme W;
BstMBI;GATC;-4;0;Dam,CpG,EcoBI;II;IV;I:SibEnzyme O;
BstMCI;CGRYCG;-2;-4;Dam,CpG;II;IV;I:SibEnzyme B;
BstMWI;GCNNNNNNNGC;-4;-7;CpG;II;I;I:SibEnzyme Y;
BstMZ611I;CCNGG;-5;0;Dcm,CpG;II;;;
BstNI;CCWGG;-3;-2;Dcm;II;N;N:NEBuffer 3.1;
BstNSI;RCATGY;-1;-5;CpG,EcoBI,EcoKI;II;I;I:SibEnzyme B;
BstNZ169I;ATCGAT;-4;-2;Dam,CpG,EcoBI;II;;;
BstOI;CCWGG;-3;-2;Dcm;II;R;R:Promega C;
BstOZ616I;GGGAC;10;14;Dcm,CpG;II;;;
BstPAI;GACNNNNGTC;-5;-5;CpG,EcoBI;II;IV;I:SibEnzyme Y;
BstPI;GGTNACC;-6;-1;Dcm,CpG,EcoBI,EcoKI;II;K;K:Takara H;
BstPZ740I;CTTAAG;-5;-1;;II;;;
BstRZ246I;ATTTAAAT;-4;-4;EcoBI;II;;;
BstSCI;CCNGG;-5;0;Dcm,CpG;II;I;I:SibEnzyme Y;
BstSFI;CTRYAG;-5;-1;;II;I;I:SibEnzyme O;
BstSI;CYCGRG;-5;-1;CpG;II;;;
BstSLI;GKGCMC;-1;-5;Dcm,CpG,EcoKI;II;I;I:SibEnzyme G+BSA;
BstSNI;TACGTA;-3;-3;CpG;II;IV;I:SibEnzyme B;
BstSWI;ATTTAAAT;-4;-4;EcoBI;II;;;
BstT10I;GGTNACC;-6;-1;Dcm,CpG,EcoBI,EcoKI;II;;;
BstT7I;TGATCA;-5;-1;Dam,EcoBI;II;;;
BstT9I;GGTNACC;-6;-1;Dcm,CpG,EcoBI,EcoKI;II;;;
BstTS5I;GAAGAC;2;6;CpG,EcoBI;II;;;
BstUI;CGCG;-2;-2;CpG;II;N;N:CutSmart Buffer;
BstV1I;GCAGC;8;12;CpG,EcoBI;II;I;I:SibEnzyme G;
BstV2I;GAAGAC;2;6;CpG,EcoBI;II;IV;I:SibEnzyme Y;
BstVI;CTCGAG;-5;-1;CpG;II;;;
BstX2I;RGATCY;-5;-1;Dam,Dcm,CpG,EcoBI;II;IV;I:SibEnzyme G;
BstXI;CCANNNNNNTGG;-4;-8;Dcm;II;FIJKMNQRVX;F:Thermo Scientific Fermentas O orange,K:Takara H,M:Boehringer H,N:NEBuffer 3.1,R:Promega D,G:Qbiogene III (Yellow),Q:Chimerx 1,I:SibEnzyme O,J:Nippon H,X:EURx 2;
BstYI;RGATCY;-5;-1;Dam,Dcm,CpG,EcoBI;II;N;N:NEBuffer 2.1;
BstZ17I;GTATAC;-3;-3;CpG;II;N;N:CutSmart Buffer;
BstZI;CGGCCG;-5;-1;CpG;II;R;R:Promega D;
Bsu1532I;CGCG;-2;-2;CpG;II;;;
Bsu15I;ATCGAT;-4;-2;Dam,CpG,EcoBI;II;F;F:Thermo Scientific Fermentas TangoTM yellow;
Bsu1854I;GRGCYC;-1;-5;Dcm,CpG,EcoBI;II;;;
Bsu23I;TCCGGA;-5;-1;Dam,CpG;II;;;
Bsu36I;CCTNAGG;-5;-2;EcoBI;II;NR;N:CutSmart Buffer,R:Promega E;
Bsu537I;GGTCTC;1;5;Dcm,CpG,EcoBI;II;;;
Bsu54I;GGNCC;-4;-1;Dcm,CpG;II;;;
Bsu6I;CTCTTC;1;4;CpG,EcoBI;II;;;
BsuBI;CTGCAG;-1;-5;;II;;;
BsuFI;CCGG;-3;-1;CpG;II;;;
BsuI;GTATCC;6;5;Dcm,CpG;II;I;I:SibEnzyme Y;
BsuRI;GGCC;-2;-2;Dcm,CpG;II;FI;F:Thermo Scientific Fermentas R red,I:SibEnzyme G;
BsuTUI;ATCGAT;-4;-2;Dam,CpG,EcoBI;II;;;
BteI;GGCC;-2;-2;Dcm,CpG;II;;;
BtgI;CCRYGG;-5;-1;CpG;II;N;N:CutSmart Buffer;
BtgZI;GCGATG;10;14;CpG,EcoBI;II;N;N:CutSmart Buffer;
BthAI;GGWCC;-4;-1;Dcm,CpG;II;;;
BthCI;GCNGC;-1;-4;CpG;II;;;
BthDI;CCWGG;-3;-2;Dcm;II;;;
BthEI;CCWGG;-3;-2;Dcm;II;;;
BthP35I;CTRYAG;-5;-1;;II;;;
BtkI;CGCG;-2;-2;CpG;II;;;
BtkII;GATC;-4;0;Dam,CpG,EcoBI;II;;;
BtrI;CACGTC;-3;-3;CpG,EcoBI,EcoKI;II;I;I:SibEnzyme O;
BtsCI;GGATG;2;0;Dcm,CpG,EcoBI;II;N;N:CutSmart Buffer;
BtsI;GCAGTG;2;0;CpG,EcoBI,EcoKI;II;N;N:CutSmart Buffer;
BtsIMutI;CAGTG;2;0;EcoBI,EcoKI;II;N;N:CutSmart Buffer;
BtuMI;TCGCGA;-3;-3;Dam,CpG;II;V;;
BveI;ACCTGC;4;8;CpG,EcoBI,EcoKI;II;F;F:Thermo Scientific Fermentas O orange;
BvuBI;CGTACG;-5;-1;CpG;II;;;
BvuI;GRGCYC;-1;-5;Dcm,CpG,EcoBI;II;;;
Cac8I;GCNNGC;-3;-3;CpG;II;N;N:CutSmart Buffer;
CacI;GATC;-4;0;Dam,CpG,EcoBI;II;;;
CaiI;CAGNNNCTG;-3;-6;Dcm,EcoBI;II;F;F:Thermo Scientific Fermentas TangoTM yellow;
CatHI;CTCTTC;1;4;CpG,EcoBI;II;;;
CauB3I;TCCGGA;-5;-1;Dam,CpG;II;;;
CauI;GGWCC;-4;-1;Dcm,CpG;II;;;
CauII;CCSGG;-3;-2;CpG;II;;;
CbeI;GGCC;-2;-2;Dcm,CpG;II;;;
CbiI;TTCGAA;-4;-2;CpG,EcoKI;II;;;
CboI;CCGG;-3;-1;CpG;II;;;
CbrI;CCWGG;-3;-2;Dcm;II;;;
CchI;CTAG;-3;-1;;II;;;
CchII;GGARGA;11;9;Dam,Dcm,CpG;II;;;
CchIII;CCCAAG;20;18;;II;;;
CciI;TCATGA;-5;-1;Dam,EcoBI;II;I;I:SibEnzyme W+BSA;
CciNI;GCGGCCGC;-6;-2;CpG;II;IV;I:SibEnzyme Y;
CcoI;GCCGGC;-3;-3;CpG;II;;;
CcrI;CTCGAG;-5;-1;CpG;II;;;
CcuI;GGNCC;-4;-1;Dcm,CpG;II;;;
CcyI;GATC;-4;0;Dam,CpG,EcoBI;II;;;
CdiI;CATCG;-1;-1;CpG,EcoBI;II;;;
CdpI;GCGGAG;20;18;CpG;II;;;
CelI;GGATCC;-5;-1;Dam,Dcm,CpG;II;;;
CelII;GCTNAGC;-5;-2;CpG,EcoBI;II;;;
CeqI;GATATC;-3;-3;CpG,EcoBI;II;;;
CfaI;RAATTY;-5;-1;CpG,EcoBI;II;;;
CflI;CTGCAG;-1;-5;;II;;;
CfoI;GCGC;-1;-3;CpG;II;MRS;M:Boehringer L,R:Promega B,S:Sigma Buffer SM;
Cfr10I;RCCGGY;-5;-1;CpG,EcoBI,EcoKI;II;FK;F:Thermo Scientific Fermentas buffer for Cfr10I;
Cfr13I;GGNCC;-4;-1;Dcm,CpG;II;F;F:Thermo Scientific Fermentas TangoTM yellow;
Cfr42I;CCGCGG;-2;-4;CpG;II;F;F:Thermo Scientific Fermentas B blue;
Cfr6I;CAGCTG;-3;-3;EcoBI;II;;;
Cfr9I;CCCGGG;-5;-1;CpG;II;F;F:Thermo Scientific Fermentas buffer for Cfr9I;
CfrA4I;CTGCAG;-1;-5;;II;;;
CfrBI;CCWWGG;-5;-1;;II;;;
CfrI;YGGCCR;-5;-1;Dcm,CpG;II;;;
CfrJ4I;CCCGGG;-3;-3;CpG;II;;;
CfuII;CTGCAG;-1;-5;;II;;;
ChaI;GATC;0;-4;Dam,CpG,EcoBI;II;;;
CjeI;CCANNNNNNGT;-19,15;-25,9;Dcm,CpG;II;;;
CjeNIII;GKAAYG;19;17;Dcm,CpG,EcoBI,EcoKI;II;;;
CjePI;CCANNNNNNNTC;-19,14;-25,8;Dam,Dcm,CpG;II;;;
ClaI;ATCGAT;-4;-2;Dam,CpG,EcoBI;II;BKMNQRSUX;K:Takara M,M:Boehringer H,N:CutSmart Buffer,R:Promega C,S:Sigma Buffer SL,U:Bangalore Genei E + BSA;
CltI;GGCC;-2;-2;Dcm,CpG;II;;;
CpfI;GATC;-4;0;Dam,CpG,EcoBI;II;;;
CpoI;CGGWCCG;-5;-2;CpG;II;FK;F:Thermo Scientific Fermentas TangoTM yellow,K:Takara K;
CscI;CCGCGG;-2;-4;CpG;II;;;
CseI;GACGC;5;10;CpG,EcoBI;II;F;F:Thermo Scientific Fermentas R red;
CsiAI;ACCGGT;-5;-1;CpG,EcoBI,EcoKI;II;;;
CsiBI;GCGGCCGC;-6;-2;CpG;II;;;
CsiI;ACCWGGT;-6;-1;Dcm,EcoBI,EcoKI;II;F;;
Csp45I;TTCGAA;-4;-2;CpG,EcoKI;II;;;
Csp68KI;GGWCC;-4;-1;Dcm,CpG;II;;;
Csp68KII;TTCGAA;-4;-2;CpG,EcoKI;II;;;
Csp68KIII;ATGCAT;-1;-5;EcoBI;II;;;
Csp68KVI;CGCG;-2;-2;CpG;II;;;
Csp6I;GTAC;-3;-1;CpG;II;F;F:Thermo Scientific Fermentas B blue;
CspAI;ACCGGT;-5;-1;CpG,EcoBI,EcoKI;II;C;C:Minotech Unique Buffer 6;
CspBI;GCGGCCGC;-6;-2;CpG;II;;;
CspCI;CAANNNNNGTGG;-23,12;-25,10;CpG;II;N;N:CutSmart Buffer + SAM;
CspI;CGGWCCG;-5;-2;CpG;II;R;R:Promega K;
CstI;CTGCAG;-1;-5;;II;;;
CstMI;AAGGAG;20;18;EcoBI;II;;;
CthII;CCWGG;-3;-2;Dcm;II;;;
CviAI;GATC;-4;0;Dam,CpG,EcoBI;II;;;
CviAII;CATG;-3;-1;EcoBI;II;N;N:CutSmart Buffer;
CviBI;GANTC;-4;-1;CpG,EcoBI;II;;;
CviJI;RGCY;-2;-2;Dcm,CpG,EcoBI;II;QX;X:EURx 6;
CviKI;RGCY;-2;-2;Dcm,CpG,EcoBI;II;;;
CviKI-1;RGCY;-2;-2;Dcm,CpG,EcoBI;II;N;N:CutSmart Buffer;
CviQI;GTAC;-3;-1;CpG;II;N;N:NEBuffer 3.1;
CviRI;TGCA;-2;-2;EcoKI;II;;;
CviRII;GTAC;-3;-1;CpG;II;;;
CvnI;CCTNAGG;-5;-2;EcoBI;II;;;
DdeI;CTNAG;-4;-1;EcoBI;II;KMNOQRSX;M:Boehringer H,N:CutSmart Buffer,O:Toyobo SmaI,R:Promega D,S:Sigma Buffer SL,G:Qbiogene III (Yellow);
DinI;GGCGCC;-3;-3;Dcm,CpG;II;V;;
DmaI;CAGCTG;-3;-3;EcoBI;II;;;
DpaI;AGTACT;-3;-3;EcoBI;II;;;
DpnII;GATC;-4;0;Dam,CpG,EcoBI;II;N;N:NEBuffer DpnII;
DraI;TTTAAA;-3;-3;EcoKI;II;BFIJKMNQRSUVXY;F:Thermo Scientific Fermentas TangoTM yellow,K:Takara M,M:Boehringer M,N:CutSmart Buffer,R:Promega B,S:Sigma Buffer SB,G:Qbiogene II (Green),Q:CHIMERx 2,I:SibEnzyme G,J:Nippon M,U:Bangalore Genei E,X:EURx 2;
DraII;RGGNCCY;-5;-2;Dcm,CpG,EcoBI;II;;G:Qbiogene I (Blue);
DraIII;CACNNNGTG;-3;-6;CpG,EcoBI,EcoKI;II;IMNV;M:Boehringer H,N:CutSmart Buffer,G:Qbiogene IV (Orange),I:SibEnzyme 2K+BSA;
DraRI;CAAGNAC;20;18;CpG,EcoBI,EcoKI;II;;;
DrdI;GACNNNNNNGTC;-5;-7;CpG;II;N;N:CutSmart Buffer;
DriI;GACNNNNNGTC;-5;-6;CpG;II;I;I:SibEnzyme Y;
DsaI;CCRYGG;-5;-1;CpG;II;;;
DsaII;GGCC;-2;-2;Dcm,CpG;II;;;
DsaIII;RGATCY;-5;-1;Dam,Dcm,CpG,EcoBI;II;;;
DsaIV;GGWCC;-4;-1;Dcm,CpG;II;;;
DsaV;CCNGG;-5;0;Dcm,CpG;II;;;
DseDI;GACNNNNNNGTC;-5;-7;CpG;II;IV;I:SibEnzyme Y;
EacI;GGATC;4;5;Dam,Dcm,CpG,EcoBI;II;;;
Eae46I;CCGCGG;-2;-4;CpG;II;;;
EaeAI;CCCGGG;-5;-1;CpG;II;;;
EaeI;YGGCCR;-5;-1;Dcm,CpG;II;KN;K:Takara M,N:CutSmart Buffer;
EagBI;CGATCG;-2;-4;Dam,CpG;II;;;
EagI;CGGCCG;-5;-1;CpG;II;N;N:NEBuffer 3.1,G:Qbiogene IV (Orange);
EagMI;GGWCC;-4;-1;Dcm,CpG;II;;;
Eam1104I;CTCTTC;1;4;CpG,EcoBI;II;F;F:Thermo Scientific Fermentas TangoTM yellow;
Eam1105I;GACNNNNNGTC;-5;-6;CpG;II;FK;F:Fermentas buffer for Eam1105I,K:Takara K;
EarI;CTCTTC;1;4;CpG,EcoBI;II;N;N:CutSmart Buffer;
EcaI;GGTNACC;-6;-1;Dcm,CpG,EcoBI,EcoKI;II;;;
Eci125I;GGTNACC;-6;-1;Dcm,CpG,EcoBI,EcoKI;II;;;
EciI;GGCGGA;11;9;Dam,Dcm,CpG;II;N;N:CutSmart Buffer;
Ecl136II;GAGCTC;-3;-3;CpG,EcoBI;II;F;F:Fermentas buffer for Ecl136II, SacI;
Ecl18kI;CCNGG;-5;0;Dcm,CpG;II;;;
Ecl2zI;CTGCAG;-1;-5;;II;;;
Ecl37kI;CTGCAG;-1;-5;;II;;;
EclHKI;GACNNNNNGTC;-5;-6;CpG;II;;;
EclI;CAGCTG;-3;-3;EcoBI;II;;;
EclRI;CCCGGG;-5;-1;CpG;II;;;
EclXI;CGGCCG;-5;-1;CpG;II;S;S:Sigma Buffer SB;
Eco105I;TACGTA;-3;-3;CpG;II;F;F:Thermo Scientific Fermentas TangoTM yellow;
Eco130I;CCWWGG;-5;-1;;II;F;F:Thermo Scientific Fermentas O orange;
Eco137kI;CCNGG;-5;0;Dcm,CpG;II;;;
Eco13kI;CCNGG;-5;0;Dcm,CpG;II;;;
Eco147I;AGGCCT;-3;-3;Dcm,EcoBI;II;F;F:Thermo Scientific Fermentas B blue;
Eco1524I;AGGCCT;-3;-3;Dcm,EcoBI;II;;;
Eco1831I;CCSGG;-5;0;CpG;II;;;
Eco21kI;CCNGG;-5;0;Dcm,CpG;II;;;
Eco24I;GRGCYC;-1;-5;Dcm,CpG,EcoBI;II;F;F:Thermo Scientific Fermentas TangoTM yellow;
Eco255I;AGTACT;-3;-3;EcoBI;II;;;
Eco27kI;CYCGRG;-5;-1;CpG;II;;;
Eco29kI;CCGCGG;-2;-4;CpG;II;;;
Eco31I;GGTCTC;1;5;Dcm,CpG,EcoBI;II;F;F:Thermo Scientific Fermentas G green;
Eco32I;GATATC;-3;-3;CpG,EcoBI;II;F;F:Thermo Scientific Fermentas R red;
Eco47I;GGWCC;-4;-1;Dcm,CpG;II;F;F:Thermo Scientific Fermentas R red;
Eco47III;AGCGCT;-3;-3;CpG,EcoBI;II;FMR;F:Thermo Scientific Fermentas O orange,M:Boehringer H,R:Promega D,G:Qbiogene III (Yellow);
Eco52I;CGGCCG;-5;-1;CpG;II;FK;F:Thermo Scientific Fermentas buffer for Eco52I;
Eco53kI;GAGCTC;-3;-3;CpG,EcoBI;II;N;N:CutSmart Buffer;
Eco56I;GCCGGC;-5;-1;CpG;II;;;
Eco57I;CTGAAG;16;14;EcoBI;II;F;F:Thermo Scientific Fermentas G green;
Eco57MI;CTGRAG;16;14;Dcm,EcoBI;II;;;
Eco64I;GGYRCC;-5;-1;Dcm,CpG,EcoKI;II;;;
Eco72I;CACGTG;-3;-3;CpG,EcoBI,EcoKI;II;F;F:Thermo Scientific Fermentas TangoTM yellow;
Eco75KI;GRGCYC;-1;-5;Dcm,CpG,EcoBI;II;;;
Eco78I;GGCGCC;-3;-3;Dcm,CpG;II;;;
Eco81I;CCTNAGG;-5;-2;EcoBI;II;FK;F:Thermo Scientific Fermentas TangoTM yellow,K:Takara M;
Eco88I;CYCGRG;-5;-1;CpG;II;F;F:Thermo Scientific Fermentas TangoTM yellow;
Eco91I;GGTNACC;-6;-1;Dcm,CpG,EcoBI,EcoKI;II;F;F:Thermo Scientific Fermentas O orange;
EcoA4I;GGTCTC;1;5;Dcm,CpG,EcoBI;II;;;
EcoHI;CCSGG;-5;0;CpG;II;;;
EcoHK31I;YGGCCR;-5;-1;Dcm,CpG;II;;;
EcoICRI;GAGCTC;-3;-3;CpG,EcoBI;II;IRV;R:Promega B,I:SibEnzyme G+BSA;
EcoNI;CCTNNNNNAGG;-6;-5;Dcm,EcoBI;II;N;N:CutSmart Buffer;
EcoO109I;RGGNCCY;-5;-2;Dcm,CpG,EcoBI;II;FJKN;F:Thermo Scientific Fermentas TangoTM yellow,K:Takara L,N:CutSmart Buffer,J:Nippon M;
EcoO128I;GGTNACC;-6;-1;Dcm,CpG,EcoBI,EcoKI;II;;;
EcoO44I;GGTCTC;1;5;Dcm,CpG,EcoBI;II;;;
EcoO65I;GGTNACC;-6;-1;Dcm,CpG,EcoBI,EcoKI;II;K;K:Takara H+BSA;
EcoP15I;CAGCAG;25;27;EcoBI;III;N;N:NEBuffer 3.1 + ATP;
EcoPI;AGACC;25;27;Dcm,CpG,EcoBI;III;;;
EcoRI;GAATTC;-5;-1;CpG,EcoBI;II;BCFIJKMNOQRSUVXY;F:Thermo Scientific Fermentas buffer for EcoRI,K:Takara H,M:Boehringer H,N:NEBuffer EcoRI,O:Toyobo EheI,R:Promega H,S:Sigma Buffer SL,G:Qbiogene III (Yellow),Q:Chimerx 1,C:Minotech Unique Buffer 7,I:SibEnzyme W,J:Nippon H,U:Bangalore Genei EcoRI,X:EURx 1;
EcoRII;CCWGG;-5;0;Dcm;II;FJ;F:Thermo Scientific Fermentas O orange,J:Nippon M;
EcoRV;GATATC;-3;-3;CpG,EcoBI;II;BCIJKMNOQRSUVXY;K:Takara H,M:Boehringer B,N:NEBuffer 3.1,O:Toyobo AluI; DraI; EcoRI; HaeII,R:Promega D,S:Sigma Buffer SB,G:Qbiogene III (Yellow),Q:Chimerx 1,C:Minotech Medium Salt Buffer,I:SibEnzyme W,J:Nippon H,U:Bangalore Genei A + BSA,X:EURx 1;
EcoT14I;CCWWGG;-5;-1;;II;K;K:Takara H;
EcoT22I;ATGCAT;-1;-5;EcoBI;II;BK;K:Takara H;
EcoT38I;GRGCYC;-1;-5;Dcm,CpG,EcoBI;II;J;J:Nippon M;
EcoVIII;AAGCTT;-5;-1;EcoBI;II;;;
EgeI;GGCGCC;-3;-3;Dcm,CpG;II;I;I:SibEnzyme B;
EheI;GGCGCC;-3;-3;Dcm,CpG;II;F;F:Thermo Scientific Fermentas TangoTM yellow;
ErhB9I;CGATCG;-2;-4;Dam,CpG;II;;;
ErhB9II;CCWWGG;-5;-1;;II;;;
ErhI;CCWWGG;-5;-1;;II;IV;I:SibEnzyme W;
ErpI;GGWCC;-4;-1;Dcm,CpG;II;;;
EsaBC3I;TCGA;-2;-2;Dam,CpG;II;;;
EsaBC4I;GGCC;-2;-2;Dcm,CpG;II;;;
EscI;CTCGAG;-5;-1;CpG;II;;;
Esp1396I;CCANNNNNTGG;-4;-7;Dcm;II;;;
Esp3I;CGTCTC;1;5;CpG,EcoBI;II;F;F:Thermo Scientific Fermentas TangoTM yellow;
Esp4I;CTTAAG;-5;-1;;II;;;
EspI;GCTNAGC;-5;-2;CpG,EcoBI;II;;;
FaeI;CATG;0;-4;EcoBI;II;I;I:SibEnzyme Y+BSA;
FaiI;YATR;-2;-2;EcoBI;II;I;I:SibEnzyme B;
FalI;AAGNNNNNCTT;-19,13;-24,8;;II;I;I:SibEnzyme W+SAM;
FalII;CGCG;-2;-2;CpG;II;;;
FaqI;GGGAC;10;14;Dcm,CpG;II;F;F:Thermo Sceintific Fermentas TangoTM yellow;
FatI;CATG;-4;0;EcoBI;II;IN;N:NEBuffer 2.1,I:SibEnzyme G;
FauBII;CGCG;-2;-2;CpG;II;;;
FauI;CCCGC;4;6;CpG;II;IN;N:CutSmart Buffer,I:SibEnzyme B;
FauNDI;CATATG;-4;-2;EcoBI;II;IV;I:SibEnzyme Y;
FbaI;TGATCA;-5;-1;Dam,EcoBI;II;K;K:Takara K;
FblI;GTMKAC;-4;-2;CpG;II;IV;I:SibEnzyme Y;
FbrI;GCNGC;-3;-2;CpG;II;;;
FdiI;GGWCC;-4;-1;Dcm,CpG;II;;;
FdiII;TGCGCA;-3;-3;CpG,EcoKI;II;;;
FgoI;CTAG;-3;-1;;II;;;
FmuI;GGNCC;-1;-4;Dcm,CpG;II;;;
Fnu4HI;GCNGC;-3;-2;CpG;II;N;N:CutSmart Buffer;
FnuAI;GANTC;-4;-1;CpG,EcoBI;II;;;
FnuCI;GATC;-4;0;Dam,CpG,EcoBI;II;;;
FnuDI;GGCC;-2;-2;Dcm,CpG;II;;;
FnuDII;CGCG;-2;-2;CpG;II;;;
FnuDIII;GCGC;-1;-3;CpG;II;;;
FnuEI;GATC;-4;0;Dam,CpG,EcoBI;II;;;
FokI;GGATG;9;13;Dcm,CpG,EcoBI;II;IJKMNVX;K:Takara M+BSA,M:Boehringer M,N:CutSmart Buffer,G:Qbiogene II (Green),I:SibEnzyme Y,J:Nippon M;
FpsJI;CCGG;-3;-1;CpG;II;;;
FriOI;GRGCYC;-1;-5;Dcm,CpG,EcoBI;II;IV;I:SibEnzyme Y;
FseI;GGCCGGCC;-2;-6;Dcm,CpG;II;N;N:CutSmart Buffer;
FsiI;RAATTY;-5;-1;CpG,EcoBI;II;;;
Fsp1604I;CCWGG;-3;-2;Dcm;II;;;
Fsp4HI;GCNGC;-3;-2;CpG;II;I;I:SibEnzyme O;
FspAI;RTGCGCAY;-4;-4;CpG,EcoBI,EcoKI;II;F;F:Thermo Scientific Fermentas O orange;
FspBI;CTAG;-3;-1;;II;F;F:Thermo Sceintific Fermentas TangoTM yellow;
FspI;TGCGCA;-3;-3;CpG,EcoKI;II;JN;N:CutSmart Buffer,J:Nippon A;
FspII;TTCGAA;-4;-2;CpG,EcoKI;II;;;
FspMSI;GGWCC;-4;-1;Dcm,CpG;II;;;
FssI;GGWCC;-4;-1;Dcm,CpG;II;;;
FunI;AGCGCT;-3;-3;CpG,EcoBI;II;;;
FunII;GAATTC;-5;-1;CpG,EcoBI;II;;;
GalI;CCGCGG;-2;-4;CpG;II;;;
GceGLI;CCGCGG;-2;-4;CpG;II;;;
GceI;CCGCGG;-2;-4;CpG;II;;;
GdiI;AGGCCT;-3;-3;Dcm,EcoBI;II;;;
GdiII;CGGCCR;-5;-1;Dcm,CpG;II;;;
GsaI;CCCAGC;-1;-5;CpG;II;I;I:SibEnzyme W;
GstI;GGATCC;-5;-1;Dam,Dcm,CpG;II;;;
GsuI;CTGGAG;16;14;Dcm;II;F;F:Thermo Scientific Fermentas B blue;
HacI;GATC;-4;0;Dam,CpG,EcoBI;II;;;
HaeI;WGGCCW;-3;-3;Dcm,EcoBI;II;;;
HaeII;RGCGCY;-1;-5;Dcm,CpG,EcoBI;II;JKNR;K:Takara M,N:CutSmart Buffer,R:Promega B,G:Qbiogene V (Red),J:Nippon M;
HaeIII;GGCC;-2;-2;Dcm,CpG;II;BIJKMNOQRSUXY;K:Takara M,M:Boehringer M,N:CutSmart Buffer,O:Toyobo FspI,R:Promega C,S:Sigma Buffer SB,G:Qbiogene V (Red),Q:CHIMERx 2,I:SibEnzyme G,J:Nippon M,U:Bangalore Genei C,X:EURx 2;
HaeIV;GAYNNNNNRTC;-18,14;-24,9;Dam,CpG,EcoBI;II;;;
HalI;GAATTC;-5;-1;CpG,EcoBI;II;;;
HalII;CTGCAG;-1;-5;;II;;;
HapII;CCGG;-3;-1;CpG;II;BK;K:Takara L;
HauII;TGGCCA;11;9;Dcm;II;;;
HgaI;GACGC;5;10;CpG,EcoBI;II;IN;N:NEBuffer 1.1,I:SibEnzyme B;
HgiAI;GWGCWC;-1;-5;CpG,EcoBI,EcoKI;II;;;
HgiBI;GGWCC;-4;-1;Dcm,CpG;II;;;
HgiCI;GGYRCC;-5;-1;Dcm,CpG,EcoKI;II;;;
HgiCII;GGWCC;-4;-1;Dcm,CpG;II;;;
HgiCIII;GTCGAC;-5;-1;CpG;II;;;
HgiDI;GRCGYC;-4;-2;Dcm,CpG,EcoBI;II;;;
HgiDII;GTCGAC;-5;-1;CpG;II;;;
HgiEI;GGWCC;-4;-1;Dcm,CpG;II;;;
HgiGI;GRCGYC;-4;-2;Dcm,CpG,EcoBI;II;;;
HgiHI;GGYRCC;-5;-1;Dcm,CpG,EcoKI;II;;;
HgiHII;GRCGYC;-4;-2;Dcm,CpG,EcoBI;II;;;
HgiHIII;GGWCC;-4;-1;Dcm,CpG;II;;;
HgiI;GRCGYC;-4;-2;Dcm,CpG,EcoBI;II;;;
HgiJI;GGWCC;-4;-1;Dcm,CpG;II;;;
HgiJII;GRGCYC;-1;-5;Dcm,CpG,EcoBI;II;;;
HgiS22I;CCSGG;-3;-2;CpG;II;;;
HhaI;GCGC;-1;-3;CpG;II;BFJKNQRUXY;F:Thermo Scientific Fermentas TangoTM yellow,K:Takara M,N:CutSmart Buffer,R:Promega C,G:Qbiogene II (Green),J:Nippon A,U:Bangalore Genei E + BSA;
HhaII;GANTC;-4;-1;CpG,EcoBI;II;;;
Hin1I;GRCGYC;-4;-2;Dcm,CpG,EcoBI;II;FK;F:Thermo Scientific Fermentas G green,K:Takara M+BSA;
Hin1II;CATG;0;-4;EcoBI;II;F;F:Thermo Scientific Fermentas G green;
Hin2I;CCGG;-3;-1;CpG;II;;;
Hin4I;GAYNNNNNVTC;-19,13;-24,8;Dam,CpG,EcoBI;II;;;
Hin4II;CCTTC;6;5;CpG,EcoBI;II;;;
Hin6I;GCGC;-3;-1;CpG;II;F;F:Thermo Scientific Fermentas TangoTM yellow;
HincII;GTYRAC;-3;-3;CpG,EcoBI,EcoKI;II;BFJKNOQRUXY;F:Thermo Scientific Fermentas TangoTM yellow,K:Takara M,N:NEBuffer 3.1,O:Toyobo HhaI,R:Promega B,G:Qbiogene III (Yellow),Q:CHIMERx 2,J:Nippon M,U:Bangalore Genei B + BSA,X:EURx 2;
HindII;GTYRAC;-3;-3;CpG,EcoBI,EcoKI;II;IMV;M:Boehringer M,I:SibEnzyme G;
HindIII;AAGCTT;-5;-1;EcoBI;II;BCFIJKMNOQRSUVXY;F:Thermo Scientific Fermentas R red,K:Takara M,M:Boehringer B,N:NEBuffer 2.1,O:Toyobo Hin1I,R:Promega E,S:Sigma Buffer SB,G:Qbiogene II (Green),Q:CHIMERx 2,C:Minotech Unique Buffer 8,I:SibEnzyme W,J:Nippon A,U:Bangalore Genei C,X:EURx 2;
HinfI;GANTC;-4;-1;CpG,EcoBI;II;BCFIJKMNOQRUVXY;F:Thermo Scientific Fermentas R red,K:Takara H,M:Boehringer H,N:CutSmart Buffer,O:Toyobo HinfI; XbaI; XhoI,R:Promega B,G:Qbiogene III (Yellow),Q:CHIMERx 2,C:Minotech High Salt Buffer,I:SibEnzyme O,J:Nippon H,U:Bangalore Genei C,X:EURx 2;
HinJCI;GTYRAC;-3;-3;CpG,EcoBI,EcoKI;II;;;
HinP1I;GCGC;-3;-1;CpG;II;N;N:CutSmart Buffer;
HjaI;GATATC;-3;-3;CpG,EcoBI;II;;;
HpaI;GTTAAC;-3;-3;CpG,EcoKI;II;BCIJKMNQRSUVX;K:Takara K,M:Boehringer A,N:CutSmart Buffer,R:Promega J,S:Sigma Buffer SM,G:Qbiogene V (Red),Q:CHIMERx 8,C:Minotech Tris Acetate Buffer,I:SibEnzyme Y,J:Nippon A,U:Bangalore Genei E,X:EURx 8;
HpaII;CCGG;-3;-1;CpG;II;FINQRSUVX;F:Thermo Scientific Fermentas TangoTM yellow,N:CutSmart Buffer,R:Promega A,S:Sigma Buffer SM,G:Qbiogene V (Red),Q:CHIMERx 3,I:SibEnzyme B,U:Bangalore Genei L,X:EURx 3;
HphI;GGTGA;8;7;Dam,Dcm,CpG,EcoBI;II;FN;F:Thermo Scientific Fermentas B blue,N:CutSmart Buffer;
Hpy166II;GTNNAC;-3;-3;CpG,EcoBI,EcoKI;II;N;N:CutSmart Buffer;
Hpy178III;TCNNGA;-4;-2;Dam,CpG,EcoBI;II;;;
Hpy188I;TCNGA;-2;-3;Dam,CpG,EcoBI;II;N;N:CutSmart Buffer;
Hpy188III;TCNNGA;-4;-2;Dam,CpG,EcoBI;II;N;N:CutSmart Buffer;
Hpy51I;GTSAC;-5;0;CpG,EcoBI;II;;;
Hpy8I;GTNNAC;-3;-3;CpG,EcoBI,EcoKI;II;F;F:Thermo Scientific Fermentas TangoTM yellow;
Hpy99I;CGWCG;0;-5;CpG;II;N;N:CutSmart Buffer;
HpyAV;CCTTC;6;5;CpG,EcoBI;II;N;N:CutSmart Buffer;
HpyBI;GTAC;-2;-2;CpG;II;;;
HpyBII;GTNNAC;-3;-3;CpG,EcoBI,EcoKI;II;;;
HpyC1I;CCATC;4;5;CpG,EcoBI;II;;;
HpyCH4I;CATG;0;-4;EcoBI;II;;;
HpyCH4III;ACNGT;-2;-3;CpG,EcoBI,EcoKI;II;N;N:CutSmart Buffer;
HpyCH4IV;ACGT;-3;-1;CpG,EcoBI,EcoKI;II;N;N:CutSmart Buffer;
HpyCH4V;TGCA;-2;-2;EcoKI;II;N;N:CutSmart Buffer;
HpyCI;GATATC;-3;-3;CpG,EcoBI;II;;;
HpyF10VI;GCNNNNNNNGC;-4;-7;CpG;II;F;F:Thermo Scientific Fermentas TangoTM yellow;
HpyF3I;CTNAG;-4;-1;EcoBI;II;F;F:Thermo Scientific Fermentas TangoTM yellow;
HpyF44III;TGCA;-2;-2;EcoKI;II;;;
HpySE526I;ACGT;-3;-1;CpG,EcoBI,EcoKI;II;I;I:SibEnzyme Y;
HsoI;GCGC;-3;-1;CpG;II;;;
Hsp92I;GRCGYC;-4;-2;Dcm,CpG,EcoBI;II;R;R:Promega F;
Hsp92II;CATG;0;-4;EcoBI;II;R;R:Promega K;
HspAI;GCGC;-3;-1;CpG;II;IV;I:SibEnzyme Y;
HsuI;AAGCTT;-5;-1;EcoBI;II;;;
ItaI;GCNGC;-3;-2;CpG;II;;;
KasI;GGCGCC;-5;-1;Dcm,CpG;II;N;N:CutSmart Buffer;
Kaz48kI;RGGNCCY;-2;-5;Dcm,CpG,EcoBI;II;;;
KflI;GGGWCCC;-5;-2;Dcm,CpG;II;F;;
KoxII;GRGCYC;-1;-5;Dcm,CpG,EcoBI;II;;;
Kpn2I;TCCGGA;-5;-1;Dam,CpG;II;F;F:Thermo Scientific Fermentas TangoTM yellow;
Kpn2kI;CCNGG;-5;0;Dcm,CpG;II;;;
Kpn378I;CCGCGG;-2;-4;CpG;II;;;
Kpn49kI;GAATTC;-5;-1;CpG,EcoBI;II;;;
Kpn49kII;CCSGG;-5;0;CpG;II;;;
KpnI;GGTACC;-1;-5;Dcm,CpG;II;BCFIJKMNOQRSUVXY;F:Thermo Scientific Fermentas buffer for KpnI,K:Takara L,M:Boehringer H,N:NEBuffer 1.1,O:Toyobo NheI; RsaI; SfiI,R:Promega J,S:Sigma Buffer SM,G:Qbiogene I (Blue),Q:CHIMERx 3,C:Minotech Unique Buffer 9,I:SibEnzyme B,J:Nippon L,U:Bangalore Genei L + BSA,X:EURx 3;
Ksp22I;TGATCA;-5;-1;Dam,EcoBI;II;IV;I:SibEnzyme G;
Ksp632I;CTCTTC;1;4;CpG,EcoBI;II;;;
KspAI;GTTAAC;-3;-3;CpG,EcoKI;II;F;F:Thermo Scientific Fermentas B blue;
KspI;CCGCGG;-2;-4;CpG;II;MS;M:Boehringer L,S:Sigma Buffer SM;
Kzo49I;GGWCC;-4;-1;Dcm,CpG;II;;;
Kzo9I;GATC;-4;0;Dam,CpG,EcoBI;II;I;I:SibEnzyme G;
LcaI;ATCGAT;-4;-2;Dam,CpG,EcoBI;II;;;
LguI;GCTCTTC;1;4;CpG,EcoBI;II;F;F:Thermo Scientific Fermentas TangoTM yellow;
LlaAI;GATC;-4;0;Dam,CpG,EcoBI;II;;;
LlaBI;CTRYAG;-5;-1;;II;;;
LlaCI;AAGCTT;-5;-1;EcoBI;II;;;
LlaG2I;GCTAGC;-5;-1;CpG;II;;;
Lmu60I;CCTNAGG;-5;-2;EcoBI;II;;;
LplI;ATCGAT;-4;-2;Dam,CpG,EcoBI;II;;;
LpnI;RGCGCY;-3;-3;Dcm,CpG,EcoBI;II;;;
Lsp1109I;GCAGC;8;12;CpG,EcoBI;II;F;F:Thermo Scientific Fermentas buffer for BamHI, Lsp1109I;
LspI;TTCGAA;-4;-2;CpG,EcoKI;II;;;
LweI;GCATC;5;9;CpG,EcoBI;II;F;F:Thermo Scientific Fermentas TangoTM yellow;
MabI;ACCWGGT;-6;-1;Dcm,EcoBI,EcoKI;II;I;I:SibEnzyme W+BSA;
Mae7806III;GGWCC;-4;-1;Dcm,CpG;II;;;
MaeI;CTAG;-3;-1;;II;M;M:Boehringer L;
MaeII;ACGT;-3;-1;CpG,EcoBI,EcoKI;II;M;M:Boehringer MaeI;
MaeIII;GTNAC;-5;0;CpG,EcoBI,EcoKI;II;M;M:Boehringer MaeII;
MaeK81I;CGTACG;-5;-1;CpG;II;;;
MaeK81II;GGNCC;-4;-1;Dcm,CpG;II;;;
MamI;GATNNNNATC;-5;-5;Dam,CpG,EcoBI;II;;;
MaqI;CRTTGAC;21;19;CpG,EcoBI,EcoKI;II;;;
MauBI;CGCGCGCG;-6;-2;CpG;II;F;F:Thermo Scientific Fermentas TangoTM yellow;
MavI;CTCGAG;-5;-1;CpG;II;;;
MbiI;CCGCTC;-3;-3;CpG,EcoBI;II;F;F:Thermo Scientific Fermentas TangoTM yellow;
MboI;GATC;-4;0;Dam,CpG,EcoBI;II;BCFKNQRUXY;F:Thermo Scientific Fermentas R red,K:Takara K,N:CutSmart Buffer,R:Promega C,G:Qbiogene II (Green),Q:CHIMERx 9,C:Minotech Unique Buffer 10,U:Bangalore Genei B,X:EURx 9;
MboII;GAAGA;8;7;Dam,CpG,EcoBI;II;FIJKNQRVX;F:Thermo Scientific Fermentas B blue,K:Takara L,N:CutSmart Buffer,R:Promega B,G:Qbiogene I (Blue),Q:CHIMERx 3,I:SibEnzyme Y,J:Nippon L,X:EURx 3;
McaTI;GCGCGC;-2;-4;CpG;II;;;
MchAI;GCGGCCGC;-6;-2;CpG;II;;;
MchAII;GGCC;-2;-2;Dcm,CpG;II;;;
MchI;GGCGCC;-4;-2;Dcm,CpG;II;;;
McrI;CGRYCG;-2;-4;Dam,CpG;II;;;
MfeI;CAATTG;-5;-1;EcoBI;II;IN;N:CutSmart Buffer;
MflI;RGATCY;-5;-1;Dam,Dcm,CpG,EcoBI;II;K;K:Takara L;
MfoAI;GGCC;-2;-2;Dcm,CpG;II;;;
Mgl14481I;CCSGG;-3;-2;CpG;II;;;
MgoI;GATC;-4;0;Dam,CpG,EcoBI;II;;;
MhaAI;CTGCAG;-1;-5;;II;;;
MhlI;GDGCHC;-1;-5;Dcm,CpG,EcoBI,EcoKI;II;IV;I:SibEnzyme W;
MkrAI;GATC;-4;0;Dam,CpG,EcoBI;II;;;
MlaAI;CTCGAG;-5;-1;CpG;II;;;
MlaI;TTCGAA;-4;-2;CpG,EcoKI;II;;;
MlsI;TGGCCA;-3;-3;Dcm;II;F;F:Thermo Scientific Fermentas R red;
MltI;AGCT;-2;-2;EcoBI;II;;;
Mlu23I;GGATCC;-5;-1;Dam,Dcm,CpG;II;;;
Mlu31I;TGGCCA;-3;-3;Dcm;II;;;
MluB2I;TCGCGA;-3;-3;Dam,CpG;II;;;
MluCI;AATT;-4;0;EcoBI;II;N;N:CutSmart Buffer;
MluI;ACGCGT;-5;-1;CpG,EcoBI,EcoKI;II;BFIJKMNOQRUVX;F:Thermo Scientific Fermentas R red,K:Takara H,M:Boehringer H,N:NEBuffer 3.1,O:Toyobo SmaI,R:Promega D,G:Qbiogene IV (Orange),Q:CHIMERx 2,I:SibEnzyme O,J:Nippon H,U:Bangalore Genei B,X:EURx 2;
MluNI;TGGCCA;-3;-3;Dcm;II;M;M:Boehringer A;
Mly113I;GGCGCC;-4;-2;Dcm,CpG;II;I;I:SibEnzyme B;
MlyI;GAGTC;5;5;CpG,EcoBI;II;N;N:CutSmart Buffer;
MmeI;TCCRAC;20;18;Dam,CpG,EcoKI;II;N;N:CutSmart Buffer + SAM;
MnlI;CCTC;7;6;CpG,EcoBI;II;FINQVX;F:Thermo Scientific Fermentas G green,N:CutSmart Buffer,G:Qbiogene II (Green),Q:CHIMERx 2,I:SibEnzyme G+BSA,X:EURx 2;
MnoI;CCGG;-3;-1;CpG;II;;;
Mph1103I;ATGCAT;-1;-5;EcoBI;II;F;F:Thermo Scientific Fermentas R red;
Mpr154I;CCGCGG;-2;-4;CpG;II;;;
MreI;CGCCGGCG;-6;-2;CpG;II;F;F:Thermo Scientific Fermentas G green;
MroI;TCCGGA;-5;-1;Dam,CpG;II;MO;M:Boehringer A,O:Toyobo SpeI;
MroNI;GCCGGC;-5;-1;CpG;II;IV;I:SibEnzyme B;
MroXI;GAANNNNTTC;-5;-5;CpG,EcoBI,EcoKI;II;IV;I:SibEnzyme W;
MscI;TGGCCA;-3;-3;Dcm;II;NO;N:CutSmart Buffer,O:Toyobo BstXI; DdeI; MluI; NcoI; SalI; ScaI; SphI;
MseI;TTAA;-3;-1;EcoKI;II;BN;N:CutSmart Buffer;
MslI;CAYNNNNRTG;-5;-5;CpG,EcoBI,EcoKI;II;N;N:CutSmart Buffer;
Msp17I;GRCGYC;-4;-2;Dcm,CpG,EcoBI;II;;;
Msp20I;TGGCCA;-3;-3;Dcm;II;IV;I:SibEnzyme W+BSA;
Msp67I;CCNGG;-3;-2;Dcm,CpG;II;;;
MspA1I;CMGCKG;-3;-3;CpG,EcoBI;II;INRV;N:CutSmart Buffer,R:Promega C,I:SibEnzyme Y;
MspB4I;GGYRCC;-5;-1;Dcm,CpG,EcoKI;II;;;
MspCI;CTTAAG;-5;-1;;II;C;C:Minotech Super High Salt Buffer;
MspI;CCGG;-3;-1;CpG;II;FIJKNQRSUVXY;F:Thermo Scientific Fermentas TangoTM yellow,K:Takara M,N:CutSmart Buffer,R:Promega B,S:Sigma Buffer SM,G:Qbiogene I (Blue),Q:CHIMERx 2,I:SibEnzyme B,J:Nippon M,U:Bangalore Genei C,X:EURx 2;
MspNI;GGWCC;-4;-1;Dcm,CpG;II;;;
MspNII;RGATCY;-5;-1;Dam,Dcm,CpG,EcoBI;II;;;
MspR9I;CCNGG;-3;-2;Dcm,CpG;II;I;I:SibEnzyme O;
MspSWI;ATTTAAAT;-4;-4;EcoBI;II;;;
MspV281I;GWGCWC;-1;-5;CpG,EcoBI,EcoKI;II;;;
MspYI;YACGTR;-3;-3;CpG,EcoBI,EcoKI;II;;;
MssI;GTTTAAAC;-4;-4;CpG,EcoKI;II;F;F:Thermo Scientific Fermentas B blue;
MstI;TGCGCA;-3;-3;CpG,EcoKI;II;;;
MstII;CCTNAGG;-5;-2;EcoBI;II;;;
MthZI;CTAG;-3;-1;;II;;;
MunI;CAATTG;-5;-1;EcoBI;II;FKM;F:Thermo Scientific Fermentas G green,K:Takara M+BSA,M:Boehringer M;
Mva1269I;GAATGC;1;-1;CpG,EcoBI;II;F;F:Thermo Scientific Fermentas R red;
MvaI;CCWGG;-3;-2;Dcm;II;FMS;F:Thermo Scientific Fermentas R red,M:Boehringer H,S:Sigma Buffer SL,G:Special MvaI;
MvnI;CGCG;-2;-2;CpG;II;M;M:Boehringer M;
MvrI;CGATCG;-2;-4;Dam,CpG;II;U;U:Bangalore Genei B;
MwoI;GCNNNNNNNGC;-4;-7;CpG;II;N;N:CutSmart Buffer;
MxaI;GAGCTC;-3;-3;CpG,EcoBI;II;;;
NaeI;GCCGGC;-3;-3;CpG;II;CKNU;K:Takara L,N:CutSmart Buffer,C:Minotech Low Salt Buffer,U:Bangalore Genei E + BSA;
NarI;GGCGCC;-4;-2;Dcm,CpG;II;JMNQRUX;M:Boehringer A,N:CutSmart Buffer,R:Promega G,G:Qbiogene I (Blue),Q:CHIMERx 3,J:Nippon L,U:Bangalore Genei E,X:EURx 3;
NblI;CGATCG;-2;-4;Dam,CpG;II;;;
NciI;CCSGG;-3;-2;CpG;II;JNR;N:CutSmart Buffer,R:Promega B,G:Special NciI,J:Nippon L;
NcoI;CCATGG;-5;-1;;II;BCFJKMNOQRSUXY;F:Thermo Scientific Fermentas TangoTM yellow,K:Takara K+BSA,M:Boehringer H,N:NEBuffer 3.1,O:Toyobo SmaI,R:Promega D,S:Sigma Buffer SL,G:Qbiogene III (Yellow),Q:Chimerx 1,C:Minotech High Salt Buffer + TX,J:Nippon H,U:Bangalore Genei E,X:EURx 1;
NcrI;AGATCT;-5;-1;Dam,EcoBI;II;;;
NcuI;GAAGA;8;7;Dam,CpG,EcoBI;II;;;
NdaI;GGCGCC;-4;-2;Dcm,CpG;II;;;
NdeI;CATATG;-4;-2;EcoBI;II;BFJKMNQRSUXY;F:Thermo Scientific Fermentas O orange,K:Takara H,M:Boehringer H,N:CutSmart Buffer,R:Promega D,S:Sigma Buffer SL,G:Qbiogene IV (Orange),J:Nippon H;
NdeII;GATC;-4;0;Dam,CpG,EcoBI;II;JM;M:Boehringer H,G:Special NdeII,J:Nippon A;
NflHII;CCGG;-3;-1;CpG;II;;;
NgoAIII;CCGCGG;-2;-4;CpG;II;;;
NgoAIV;GCCGGC;-5;-1;CpG;II;;;
NgoAVIII;GACNNNNNTGA;-23,13;-25,11;Dam,CpG,EcoBI;II;;;
NgoMIV;GCCGGC;-5;-1;CpG;II;N;N:CutSmart Buffer;
NgoPII;GGCC;-2;-2;Dcm,CpG;II;;;
NgoPIII;CCGCGG;-2;-4;CpG;II;;;
NheI;GCTAGC;-5;-1;CpG;II;BCFJKMNOQRSUX;F:Thermo Scientific Fermentas TangoTM yellow,K:Takara M,M:Boehringer M,N:NEBuffer 2.1,O:Toyobo BstXI; DdeI; MluI; NcoI; SalI; ScaI; SphI,R:Promega B,S:Sigma Buffer SB,G:Qbiogene I (Blue),J:Nippon M,U:Bangalore Genei C + BSA;
NlaCI;CATCAC;19;17;CpG,EcoBI;II;;;
NlaII;GATC;-4;0;Dam,CpG,EcoBI;II;;;
NlaIII;CATG;0;-4;EcoBI;II;N;N:CutSmart Buffer,G:Qbiogene V (Red);
NlaIV;GGNNCC;-3;-3;Dcm,CpG;II;N;N:CutSmart Buffer,G:Qbiogene V (Red);
Nli3877I;CYCGRG;-1;-5;CpG;II;;;
NmeAIII;GCCGAG;21;19;CpG;II;N;N:CutSmart Buffer + SAM;
NmeCI;GATC;-4;0;Dam,CpG,EcoBI;II;;;
NmeDI;RCCGGY;-18,7;-13,12;CpG,EcoBI,EcoKI;II;;;
NmeRI;CAGCTG;-3;-3;EcoBI;II;;;
NmuCI;GTSAC;-5;0;CpG,EcoBI;II;F;F:Thermo Scientific Fermentas R red;
NopI;GTCGAC;-5;-1;CpG;II;;;
NotI;GCGGCCGC;-6;-2;CpG;II;BCFJKMNOQRSUXY;F:Thermo Scientific Fermentas O orange,K:Takara H+BSA+TX-100,M:Boehringer H,N:NEBuffer 3.1,O:Toyobo NheI; RsaI; SfiI,R:Promega D,S:Sigma Buffer SL,G:Qbiogene IV (Orange),Q:Chimerx 1,C:Minotech Super High Salt Buffer + TX,J:Nippon H,U:Bangalore Genei A + Triton X,X:EURx 1;
NphI;GATC;-4;0;Dam,CpG,EcoBI;II;;;
NruGI;GACNNNNNGTC;-5;-6;CpG;II;;;
NruI;TCGCGA;-3;-3;Dam,CpG;II;BCIJKMNQRUX;M:Boehringer B,N:NEBuffer 3.1,R:Promega K,G:Qbiogene IV (Orange),Q:Chimerx 1,C:Minotech Unique Buffer 11,I:SibEnzyme W,J:Nippon A,U:Bangalore Genei B,X:EURx 1;
NsbI;TGCGCA;-3;-3;CpG,EcoKI;II;FK;F:Thermo Scientific Fermentas TangoTM yellow;
NsiCI;GATATC;-3;-3;CpG,EcoBI;II;;;
NsiI;ATGCAT;-1;-5;EcoBI;II;JMNQRSUX;M:Boehringer H,N:NEBuffer 3.1,R:Promega D,S:Sigma Buffer SL,G:Qbiogene III (Yellow),J:Nippon H,U:Bangalore Genei B;
Nsp29132II;GGATCC;-5;-1;Dam,Dcm,CpG;II;;;
Nsp7121I;GGNCC;-4;-1;Dcm,CpG;II;;;
NspBII;CMGCKG;-3;-3;CpG,EcoBI;II;;;
NspHI;RCATGY;-1;-5;CpG,EcoBI,EcoKI;II;;;
NspI;RCATGY;-1;-5;CpG,EcoBI,EcoKI;II;N;N:CutSmart Buffer;
NspII;GDGCHC;-1;-5;Dcm,CpG,EcoBI,EcoKI;II;;;
NspIII;CYCGRG;-5;-1;CpG;II;;;
NspIV;GGNCC;-4;-1;Dcm,CpG;II;;;
NspLKI;GGCC;-2;-2;Dcm,CpG;II;;;
NspMACI;AGATCT;-5;-1;Dam,EcoBI;II;;;
NspSAI;CYCGRG;-5;-1;CpG;II;;;
NspSAII;GGTNACC;-6;-1;Dcm,CpG,EcoBI,EcoKI;II;;;
NspSAIV;GGATCC;-5;-1;Dam,Dcm,CpG;II;;;
NspV;TTCGAA;-4;-2;CpG,EcoKI;II;J;J:Nippon L;
NunII;GGCGCC;-4;-2;Dcm,CpG;II;;;
OfoI;CYCGRG;-5;-1;CpG;II;;;
OkrAI;GGATCC;-5;-1;Dam,Dcm,CpG;II;;;
OliI;CACNNNNGTG;-5;-5;CpG,EcoBI,EcoKI;II;F;F:Thermo Scientific Fermentas R red;
OxaNI;CCTNAGG;-5;-2;EcoBI;II;;;
PabI;GTAC;-1;-3;CpG;II;;;
Pac25I;CCCGGG;-5;-1;CpG;II;;;
PacI;TTAATTAA;-3;-5;EcoKI;II;FNO;F:Thermo Scientific Fermentas buffer for PacI,N:CutSmart Buffer,O:Toyobo NruI,G:Qbiogene I (Blue);
Pae14kI;CCGCGG;-2;-4;CpG;II;;;
Pae17kI;CAGCTG;-3;-3;EcoBI;II;;;
Pae18kI;AGATCT;-5;-1;Dam,EcoBI;II;;;
Pae2kI;AGATCT;-5;-1;Dam,EcoBI;II;;;
Pae5kI;CCGCGG;-2;-4;CpG;II;;;
PaeAI;CCGCGG;-2;-4;CpG;II;;;
PaeBI;CCCGGG;-3;-3;CpG;II;;;
PaeHI;GRGCYC;-1;-5;Dcm,CpG,EcoBI;II;;;
PaeI;GCATGC;-1;-5;CpG,EcoBI;II;F;F:Thermo Scientific Fermentas B blue;
PaePI;CTGCAG;-1;-5;;II;;;
PaeQI;CCGCGG;-2;-4;CpG;II;;;
PaeR7I;CTCGAG;-5;-1;CpG;II;N;N:CutSmart Buffer;
PagI;TCATGA;-5;-1;Dam,EcoBI;II;F;F:Thermo Scientific Fermentas O orange;
PalAI;GGCGCGCC;-6;-2;Dcm,CpG;II;I;I:SibEnzyme Y;
PalI;GGCC;-2;-2;Dcm,CpG;II;;;
PamDI;CCATGG;-5;-1;;II;;;
PamI;TGCGCA;-3;-3;CpG,EcoKI;II;;;
PamII;GRCGYC;-4;-2;Dcm,CpG,EcoBI;II;;;
PanI;CTCGAG;-5;-1;CpG;II;;;
ParI;TGATCA;-5;-1;Dam,EcoBI;II;;;
PasI;CCCWGGG;-5;-2;Dcm;II;F;F:Thermo Scientific Fermentas AarI, AjiI, Bpu10I, ScaI, PasI;
PauAI;RCATGY;-1;-5;CpG,EcoBI,EcoKI;II;;;
PauAII;TTTAAA;-3;-3;EcoKI;II;;;
PauI;GCGCGC;-5;-1;CpG;II;F;F:Thermo Scientific Fermentas R red;
PbrTI;GATC;-4;0;Dam,CpG,EcoBI;II;;;
PceI;AGGCCT;-3;-3;Dcm,EcoBI;II;IV;I:SibEnzyme Y;
PciI;ACATGT;-5;-1;EcoBI,EcoKI;II;IN;N:NEBuffer 3.1,I:SibEnzyme O;
PciSI;GCTCTTC;1;4;CpG,EcoBI;II;I;I:SibEnzyme B;
PctI;GAATGC;1;-1;CpG,EcoBI;II;IV;I:SibEnzyme O;
Pde12I;GGNCC;-4;-1;Dcm,CpG;II;;;
Pde133I;GGCC;-2;-2;Dcm,CpG;II;;;
Pde137I;CCGG;-3;-1;CpG;II;;;
PdiI;GCCGGC;-3;-3;CpG;II;F;F:Thermo Scientific Fermentas TangoTM yellow;
PdmI;GAANNNNTTC;-5;-5;CpG,EcoBI,EcoKI;II;F;F:Thermo Scientific Fermentas TangoTM yellow;
PfaAI;GGYRCC;-5;-1;Dcm,CpG,EcoKI;II;;;
PfaAII;CATATG;-4;-2;EcoBI;II;;;
PfaAIII;GCATGC;-1;-5;CpG,EcoBI;II;;;
PfeI;GAWTC;-4;-1;CpG,EcoBI;II;F;F:Thermo Scientific Fermentas O orange;
Pfl21I;CTGCAG;-1;-5;;II;;;
Pfl23II;CGTACG;-5;-1;CpG;II;F;F:Thermo Scientific Fermentas TangoTM yellow;
Pfl27I;RGGWCCY;-5;-2;Dcm,CpG,EcoBI;II;;;
Pfl8I;GGATCC;-5;-1;Dam,Dcm,CpG;II;;;
PflBI;CCANNNNNTGG;-4;-7;Dcm;II;;;
PflFI;GACNNNGTC;-5;-4;CpG,EcoBI;II;N;N:CutSmart Buffer;
PflKI;GGCC;-2;-2;Dcm,CpG;II;;;
PflMI;CCANNNNNTGG;-4;-7;Dcm;II;N;N:NEBuffer 3.1;
PfoI;TCCNGGA;-6;-1;Dam,Dcm,CpG;II;F;F:Thermo Scientific Fermentas TangoTM yellow;
PgaI;ATCGAT;-4;-2;Dam,CpG,EcoBI;II;;;
PhaI;GCATC;5;9;CpG,EcoBI;II;;;
PhoI;GGCC;-2;-2;Dcm,CpG;II;;;
PinAI;ACCGGT;-5;-1;CpG,EcoBI,EcoKI;II;QX;;
PinBI;ATGCAT;-1;-5;EcoBI;II;;;
PinBII;TCCGGA;-5;-1;Dam,CpG;II;;;
PlaAI;CYCGRG;-5;-1;CpG;II;;;
PlaAII;GTAC;-2;-2;CpG;II;;;
PlaDI;CATCAG;21;19;EcoBI;II;;;
PlaI;GGCC;-2;-2;Dcm,CpG;II;;;
PlaII;TTCGAA;-4;-2;CpG,EcoKI;II;;;
Ple19I;CGATCG;-2;-4;Dam,CpG;II;I;I:SibEnzyme Y;
PleI;GAGTC;4;5;CpG,EcoBI;II;N;N:CutSmart Buffer;
PluTI;GGCGCC;-1;-5;Dcm,CpG;II;N;N:CutSmart Buffer;
PmaCI;CACGTG;-3;-3;CpG,EcoBI,EcoKI;II;K;;
Pme55I;AGGCCT;-3;-3;Dcm,EcoBI;II;;;
PmeI;GTTTAAAC;-4;-4;CpG,EcoKI;II;N;N:CutSmart Buffer,G:Qbiogene V (Red);
PmlI;CACGTG;-3;-3;CpG,EcoBI,EcoKI;II;N;N:CutSmart Buffer;
PpaAI;TTCGAA;-4;-2;CpG,EcoKI;II;;;
PpaAII;TCGA;-3;-1;Dam,CpG;II;;;
PpeI;GGGCCC;-1;-5;Dcm,CpG;II;;;
PpiI;GAACNNNNNCTC;-19,13;-24,8;CpG;II;;;
PpsI;GAGTC;4;5;CpG,EcoBI;II;I;I:SibEnzyme Y;
Ppu10I;ATGCAT;-5;-1;EcoBI;II;;;
Ppu111I;GAATTC;-5;-1;CpG,EcoBI;II;;;
Ppu21I;YACGTR;-3;-3;CpG,EcoBI,EcoKI;II;F;F:Thermo Scientific Fermentas buffer for Ppu21I, SduI;
PpuAI;CGTACG;-5;-1;CpG;II;;;
PpuMI;RGGWCCY;-5;-2;Dcm,CpG,EcoBI;II;N;N:CutSmart Buffer;
PpuXI;RGGWCCY;-5;-2;Dcm,CpG,EcoBI;II;;;
Pru2I;GGCC;-2;-2;Dcm,CpG;II;;;
PscI;ACATGT;-5;-1;EcoBI,EcoKI;II;F;F:Thermo Scientific Fermentas TangoTM yellow;
PshAI;GACNNNNGTC;-5;-5;CpG,EcoBI;II;KN;K:Takara K,N:CutSmart Buffer;
PshBI;ATTAAT;-4;-2;EcoBI;II;K;;
PsiI;TTATAA;-3;-3;EcoKI;II;IN;N:CutSmart Buffer,I:SibEnzyme B;
Psp03I;GGWCC;-1;-4;Dcm,CpG;II;;;
Psp1009I;GCCNNNNNGGC;-4;-7;Dcm,CpG;II;;;
Psp124BI;GAGCTC;-1;-5;CpG,EcoBI;II;IV;I:SibEnzyme G;
Psp1406I;AACGTT;-4;-2;CpG,EcoBI,EcoKI;II;FK;F:Thermo Scientific Fermentas TangoTM yellow,K:Takara T+BSA;
Psp23I;CTGCAG;-1;-5;;II;;;
Psp5II;RGGWCCY;-5;-2;Dcm,CpG,EcoBI;II;F;F:Thermo Scientific Fermentas G green;
Psp6I;CCWGG;-5;0;Dcm;II;I;I:SibEnzyme B;
PspAI;CCCGGG;-5;-1;CpG;II;;;
PspALI;CCCGGG;-3;-3;CpG;II;;;
PspCI;CACGTG;-3;-3;CpG,EcoBI,EcoKI;II;IV;I:SibEnzyme B;
PspEI;GGTNACC;-6;-1;Dcm,CpG,EcoBI,EcoKI;II;IV;I:SibEnzyme B;
PspGI;CCWGG;-5;0;Dcm;II;N;N:CutSmart Buffer;
PspLI;CGTACG;-5;-1;CpG;II;I;I:SibEnzyme Y;
PspN4I;GGNNCC;-3;-3;Dcm,CpG;II;I;I:SibEnzyme Y;
PspOMI;GGGCCC;-5;-1;Dcm,CpG;II;INV;N:CutSmart Buffer,I:SibEnzyme Y;
PspOMII;CGCCCAR;20;18;Dcm,CpG,EcoKI;II;;;
PspPI;GGNCC;-4;-1;Dcm,CpG;II;C;;
PspPPI;RGGWCCY;-5;-2;Dcm,CpG,EcoBI;II;I;I:SibEnzyme Y;
PspPRI;CCYCAG;15;13;Dcm,EcoBI;II;;;
PspXI;VCTCGAGB;-6;-2;CpG,EcoBI,EcoKI;II;IN;N:CutSmart Buffer,I:SibEnzyme Y+BSA;
PsrI;GAACNNNNNNTAC;-20,12;-25,7;CpG;II;I;I:SibEnzyme Y+BSA;
PssI;RGGNCCY;-2;-5;Dcm,CpG,EcoBI;II;;;
PstI;CTGCAG;-1;-5;;II;BCFIJKMNOQRSUVXY;F:Thermo Scientific Fermentas O orange,K:Takara H,M:Boehringer H,N:NEBuffer 3.1,O:Toyobo PacI,R:Promega H,S:Sigma Buffer SL,G:Qbiogene IV (Orange),Q:CHIMERx 10,C:Minotech Unique Buffer 12,I:SibEnzyme O,J:Nippon H,U:Bangalore Genei B,X:EURx 10;
PstII;CTGATG;25;27;EcoBI;III;;;
PstNHI;GCTAGC;-5;-1;CpG;II;;;
PstNI;CAGNNNCTG;-3;-6;Dcm,EcoBI;II;I;I:SibEnzyme Y;
Psu161I;CGATCG;-2;-4;Dam,CpG;II;;;
PsuAI;YACGTR;-3;-3;CpG,EcoBI,EcoKI;II;;;
PsuI;RGATCY;-5;-1;Dam,Dcm,CpG,EcoBI;II;F;F:Thermo Scientific Fermentas B blue;
PsyI;GACNNNGTC;-5;-4;CpG,EcoBI;II;F;F:Thermo Scientific Fermentas B blue;
PtaI;TCCGGA;-5;-1;Dam,CpG;II;;;
PteI;GCGCGC;-5;-1;CpG;II;F;;
Pun14627I;TGCGCA;-3;-3;CpG,EcoKI;II;;;
Pun14627II;CAGCTG;-3;-3;EcoBI;II;;;
PunAI;CYCGRG;-5;-1;CpG;II;;;
PunAII;RCATGY;-1;-5;CpG,EcoBI,EcoKI;II;;;
Pvu84II;CAGCTG;-3;-3;EcoBI;II;;;
PvuI;CGATCG;-2;-4;Dam,CpG;II;BFKMNOQRSUXY;F:Thermo Scientific Fermentas R red,K:Takara K+BSA,M:Boehringer H,N:NEBuffer 3.1,O:Toyobo PpuMI,R:Promega D,S:Sigma Buffer SL,G:Qbiogene III (Yellow),Q:CHIMERx 11,U:Bangalore Genei B,X:EURx 11;
PvuII;CAGCTG;-3;-3;EcoBI;II;BCFIJKMNOQRSUXY;F:Thermo Scientific Fermentas G green,K:Takara M,M:Boehringer M,N:NEBuffer 3.1,O:Toyobo PstI,R:Promega B,S:Sigma Buffer SB,G:Special PvuII,C:Minotech Medium Salt Buffer,I:SibEnzyme G,J:Nippon M,U:Bangalore Genei C,X:EURx 1;
R1.BceSIV;GCAGC;-12,9;-10,11;CpG,EcoBI;II;;;
R2.BceSIV;GCAGC;-12,9;-10,11;CpG,EcoBI;II;;;
RalF40I;GATC;-4;0;Dam,CpG,EcoBI;II;;;
RaqI;CCGCGG;-2;-4;CpG;II;;;
RcaI;TCATGA;-5;-1;Dam,EcoBI;II;;;
RceI;CATCGAC;20;18;CpG,EcoBI;II;;;
RdeGBII;ACCCAG;20;18;Dcm,EcoBI,EcoKI;II;;;
RdeGBIII;TGRYCA;-15,11;-17,9;Dam,Dcm,EcoBI;II;;;
RflFI;GTCGAC;-5;-1;CpG;II;;;
RflFII;AGTACT;-3;-3;EcoBI;II;;;
RgaI;GCGATCGC;-3;-5;Dam,CpG;II;I;I:SibEnzyme Y;
RigI;GGCCGGCC;-2;-6;Dcm,CpG;II;I;I:SibEnzyme RigI;
RleAI;CCCACA;12;9;;II;;;
RmaI;CTAG;-3;-1;;II;;;
Rme21I;ATCGAT;-4;-2;Dam,CpG,EcoBI;II;;;
RpaB5I;CGRGGAC;20;18;CpG;II;;;
RpaBI;CCCGCAG;20;18;CpG;II;;;
RpaI;GTYGGAG;11;9;CpG,EcoKI;II;;;
Rrh4273I;GTCGAC;-5;-1;CpG;II;;;
RrhJ1I;GCCGGC;-3;-3;CpG;II;;;
RruI;TCGCGA;-3;-3;Dam,CpG;II;F;;
RsaI;GTAC;-2;-2;CpG;II;CFIJMNQRSVXY;F:Thermo Scientific Fermentas TangoTM yellow,M:Boehringer L,N:CutSmart Buffer,R:Promega C,S:Sigma Buffer SM,G:Qbiogene I (Blue),Q:CHIMERx 2,C:Minotech Medium Salt Buffer,I:SibEnzyme B,J:Nippon M,X:EURx 2;
RsaNI;GTAC;-3;-1;CpG;II;I;I:SibEnzyme B;
RseI;CAYNNNNRTG;-5;-5;CpG,EcoBI,EcoKI;II;F;F:Thermo Scientific Fermentas R red;
RshI;CGATCG;-2;-4;Dam,CpG;II;;;
RspLKI;GCATGC;-1;-5;CpG,EcoBI;II;;;
RspLKII;GGATCC;-5;-1;Dam,Dcm,CpG;II;;;
RspXI;TCATGA;-5;-1;Dam,EcoBI;II;;;
Rsr2I;CGGWCCG;-5;-2;CpG;II;IV;I:SibEnzyme Y;
RsrI;GAATTC;-5;-1;CpG,EcoBI;II;;;
RsrII;CGGWCCG;-5;-2;CpG;II;NQX;N:CutSmart Buffer,Q:CHIMERx 12,X:EURx 20;
Rtr63I;GTCGAC;-5;-1;CpG;II;;;
RtrI;GTCGAC;-5;-1;CpG;II;;;
SacI;GAGCTC;-1;-5;CpG,EcoBI;II;BFJKMNOQRSUX;F:Thermo Scientific Fermentas buffer for Ecl136II, SacI,K:Takara L,M:Boehringer A,N:NEBuffer 1.1,O:Toyobo ScrFI,R:Promega J,S:Sigma Buffer SM,G:Qbiogene I (Blue),Q:CHIMERx 3,J:Nippon L,U:Bangalore Genei L + BSA,X:EURx 3;
SacII;CCGCGG;-2;-4;CpG;II;BJKNOQRX;K:Takara T+BSA,N:CutSmart Buffer,O:Toyobo NheI; RsaI; SfiI,R:Promega C,G:Qbiogene V (Red),Q:CHIMERx 3,J:Nippon L,X:EURx 3;
SacNI;GRGCYC;-1;-5;Dcm,CpG,EcoBI;II;;;
Sag16I;CTGCAG;-1;-5;;II;;;
Sag23I;CTGCAG;-1;-5;;II;;;
SalI;GTCGAC;-5;-1;CpG;II;BCFIJKMNOQRSUVXY;F:Thermo Scientific Fermentas O orange,K:Takara H,M:Boehringer H,N:NEBuffer 3.1,O:Toyobo SmaI,R:Promega D,S:Sigma Buffer SL,G:Qbiogene IV (Orange),Q:Chimerx 1,C:Minotech Super High Salt Buffer,I:SibEnzyme O,J:Nippon H,U:Bangalore Genei A + BSA,X:EURx 1;
SalPI;CTGCAG;-1;-5;;II;;;
SanDI;GGGWCCC;-5;-2;Dcm,CpG;II;;;
SapI;GCTCTTC;1;4;CpG,EcoBI;II;N;N:CutSmart Buffer;
SaqAI;TTAA;-3;-1;EcoKI;II;F;;
SarI;AGGCCT;-3;-3;Dcm,EcoBI;II;;;
SatI;GCNGC;-3;-2;CpG;II;F;F:Thermo Scientific Fermentas G green;
Sau3239I;CTCGAG;-5;-1;CpG;II;;;
Sau3AI;GATC;-4;0;Dam,CpG,EcoBI;II;CJKMNRSU;K:Takara H,M:Boehringer A,N:NEBuffer 1.1,R:Promega B,S:Sigma Buffer SM,G:Special Sau3AI,J:Nippon M,U:Bangalore Genei E + BSA;
Sau96I;GGNCC;-4;-1;Dcm,CpG;II;JNU;N:CutSmart Buffer,G:Qbiogene II (Green),J:Nippon M,U:Bangalore Genei E;
SauBMKI;GCCGGC;-3;-3;CpG;II;;;
SauHPI;GCCGGC;-3;-3;CpG;II;;;
SauI;CCTNAGG;-5;-2;EcoBI;II;;;
SauLPI;GCCGGC;-3;-3;CpG;II;;;
SauLPII;CTCGAG;-5;-1;CpG;II;;;
SauMI;GATC;-4;0;Dam,CpG,EcoBI;II;;;
SauNI;GCCGGC;-3;-3;CpG;II;;;
SauSI;GCCGGC;-3;-3;CpG;II;;;
SbfI;CCTGCAGG;-2;-6;;II;INV;N:CutSmart Buffer,I:SibEnzyme Y;
Sbi68I;CTCGAG;-5;-1;CpG;II;;;
Sbo13I;TCGCGA;-3;-3;Dam,CpG;II;;;
SbvI;GGCC;-2;-2;Dcm,CpG;II;;;
ScaI;AGTACT;-3;-3;EcoBI;II;BCFJKMNOQRSX;F:Thermo Scientific Fermentas AarI, AjiI, Bpu10I, ScaI, PasI,K:Takara H,M:Boehringer H,N:CutSmart Buffer,O:Toyobo SmaI,R:Promega K,S:Sigma Buffer SA,G:Qbiogene IV (Orange),Q:Chimerx 1,C:Minotech Unique Buffer 13,J:Nippon H,X:EURx 1;
SceIII;GCCGGC;-5;-1;CpG;II;;;
SchI;GAGTC;5;5;CpG,EcoBI;II;F;F:Thermo Scientific Fermentas TangoTM yellow;
SchZI;CCGCGG;-2;-4;CpG;II;;;
SciI;CTCGAG;-3;-3;CpG;II;;;
SciNI;GCGC;-3;-1;CpG;II;;;
ScrFI;CCNGG;-3;-2;Dcm,CpG;II;JN;N:CutSmart Buffer,J:Nippon H;
SdaI;CCTGCAGG;-2;-6;;II;F;F:Thermo Scientific Fermentas buffer for SdaI;
SdeAI;CAGRAG;21;19;Dcm,EcoBI;II;;;
SdeAII;CCNGG;-5;0;Dcm,CpG;II;;;
SdeOSI;GACNNNNRTGA;-22,12;-24,10;Dam,CpG,EcoBI;II;;;
SdiI;GGCCNNNNNGGCC;-5;-8;Dcm,CpG;II;;;
SduI;GDGCHC;-1;-5;Dcm,CpG,EcoBI,EcoKI;II;F;F:Thermo Scientific Fermentas buffer for Ppu21I, SduI;
SecI;CCNNGG;-5;-1;Dcm,CpG;II;;;
SelI;CGCG;-4;0;CpG;II;;;
SenPT14bI;CCGCGG;-2;-4;CpG;II;;;
SenPT16I;CGGCCG;-5;-1;CpG;II;;;
SepI;ATGCAT;-1;-5;EcoBI;II;;;
SepMI;GATATC;-3;-3;CpG,EcoBI;II;;;
SetI;ASST;0;-4;Dcm,CpG,EcoBI,EcoKI;II;I;I:SibEnzyme Y;
SexAI;ACCWGGT;-6;-1;Dcm,EcoBI,EcoKI;II;MN;M:Boehringer B,N:CutSmart Buffer;
SexBI;CCGCGG;-2;-4;CpG;II;;;
SexCI;CCGCGG;-2;-4;CpG;II;;;
SfaAI;GCGATCGC;-3;-5;Dam,CpG;II;F;F:Thermo Scientific Fermentas TangoTM yellow;
SfaI;GGCC;-2;-2;Dcm,CpG;II;;;
SfaNI;GCATC;5;9;CpG,EcoBI;II;INV;N:NEBuffer 3.1,I:SibEnzyme O;
SfcI;CTRYAG;-5;-1;;II;N;N:CutSmart Buffer;
SfeI;CTRYAG;-5;-1;;II;;;
SfiI;GGCCNNNNNGGCC;-5;-8;Dcm,CpG;II;CFIJKMNOQRSUVX;F:Thermo Scientific Fermentas G green,K:Takara M,M:Boehringer M,N:CutSmart Buffer,O:Toyobo BstXI; DdeI; MluI; NcoI; SalI; ScaI; SphI,R:Promega B,S:Sigma Buffer SB,G:Qbiogene II (Green),Q:CHIMERx 2,C:Minotech Medium Salt Buffer,I:SibEnzyme G,J:Nippon M,U:Bangalore Genei E + BSA,X:EURx 2;
SflI;CTGCAG;-1;-5;;II;;;
SfoI;GGCGCC;-3;-3;Dcm,CpG;II;N;N:CutSmart Buffer;
Sfr274I;CTCGAG;-5;-1;CpG;II;IV;I:SibEnzyme B;
Sfr303I;CCGCGG;-2;-4;CpG;II;IV;I:SibEnzyme B;
SfuI;TTCGAA;-4;-2;CpG,EcoKI;II;M;M:Boehringer H;
SgfI;GCGATCGC;-3;-5;Dam,CpG;II;R;R:Promega C;
SgrAI;CRCCGGYG;-6;-2;CpG,EcoBI,EcoKI;II;N;N:CutSmart Buffer;
SgrBI;CCGCGG;-2;-4;CpG;II;C;C:Minotech Low Salt Buffer + TX;
SgrDI;CGTCGACG;-6;-2;CpG;II;F;F:Thermo Scientific Fermentas R red;
SgsI;GGCGCGCC;-6;-2;Dcm,CpG;II;F;F:Thermo Scientific Fermentas TangoTM yellow;
SimI;GGGTC;-3;0;Dcm,CpG,EcoBI;II;;;
SinI;GGWCC;-4;-1;Dcm,CpG;II;;G:Qbiogene II (Green);
SlaI;CTCGAG;-5;-1;CpG;II;C;;
SleI;CCWGG;-5;0;Dcm;II;;;
Slu1777I;GCCGGC;-3;-3;CpG;II;;;
SmaI;CCCGGG;-3;-3;CpG;II;BCFIJKMNOQRSUVXY;F:Thermo Scientific Fermentas TangoTM yellow,K:Takara T+BSA,M:Boehringer A,N:CutSmart Buffer,O:Toyobo ScrFI,R:Promega J,S:Sigma Buffer SM,G:Special SmaI,Q:CHIMERx 14,C:Minotech Tris Acetate Buffer,I:SibEnzyme Y,J:Nippon A,U:Bangalore Genei E,X:EURx 14;
SmiI;ATTTAAAT;-4;-4;EcoBI;II;FIKV;F:Thermo Scientific Fermentas O orange,I:SibEnzyme O;
SmiMI;CAYNNNNRTG;-5;-5;CpG,EcoBI,EcoKI;II;IV;I:SibEnzyme O;
SmlI;CTYRAG;-5;-1;CpG,EcoBI;II;N;N:CutSmart Buffer;
SmoI;CTYRAG;-5;-1;CpG,EcoBI;II;F;F:Thermo Scientific Fermentas TangoTM yellow;
SmoLI;CCGG;-3;-1;CpG;II;;;
SmuEI;GGWCC;-4;-1;Dcm,CpG;II;;;
SmuI;CCCGC;4;6;CpG;II;;;
SnaBI;TACGTA;-3;-3;CpG;II;CKMNRU;M:Boehringer M,N:CutSmart Buffer,R:Promega B,C:Minotech Unique Buffer 14;
SniI;CCWGG;-3;-2;Dcm;II;;;
SnoI;GTGCAC;-5;-1;CpG,EcoKI;II;;;
Sol10179I;CTCGAG;-5;-1;CpG;II;;;
SolI;GGATCC;-5;-1;Dam,Dcm,CpG;II;;;
SpaHI;GCATGC;-1;-5;CpG,EcoBI;II;;;
SpeI;ACTAGT;-5;-1;EcoBI,EcoKI;II;BJKMNOQRSUX;K:Takara M,M:Boehringer H,N:CutSmart Buffer,O:Toyobo NheI; RsaI; SfiI,R:Promega B,S:Sigma Buffer SL,G:Qbiogene I (Blue),Q:CHIMERx 2,J:Nippon M,U:Bangalore Genei C + BSA,X:EURx 2;
SphI;GCATGC;-1;-5;CpG,EcoBI;II;BCIJKMNOQRSVX;K:Takara H,M:Boehringer M,N:NEBuffer 2.1,O:Toyobo SmaI,R:Promega K,S:Sigma Buffer SH,G:Qbiogene II (Green),C:Minotech Unique Buffer 15,I:SibEnzyme G,J:Nippon H,X:EURx 15;
SplI;CGTACG;-5;-1;CpG;II;;;
SpmI;ATCGAT;-4;-2;Dam,CpG,EcoBI;II;;;
SpoI;TCGCGA;-3;-3;Dam,CpG;II;;;
SpuI;CCGCGG;-2;-4;CpG;II;;;
SrfI;GCCCGGGC;-4;-4;CpG;II;;;
Srl32DII;GAATTC;-5;-1;CpG,EcoBI;II;;;
Srl55DI;GAATTC;-5;-1;CpG,EcoBI;II;;;
Srl56DI;CTRYAG;-5;-1;;II;;;
Srl5DI;CTGCAG;-1;-5;;II;;;
SrlI;GCCGGC;-5;-1;CpG;II;;;
Sru30DI;AGGCCT;-3;-3;Dcm,EcoBI;II;;;
Sru4DI;ATTAAT;-4;-2;EcoBI;II;;;
SruI;TTTAAA;-3;-3;EcoKI;II;;;
SsbI;AAGCTT;-5;-1;EcoBI;II;;;
SscL1I;GANTC;-4;-1;CpG,EcoBI;II;;;
Sse1825I;GGGWCCC;-5;-2;Dcm,CpG;II;;;
Sse232I;CGCCGGCG;-6;-2;CpG;II;;;
Sse8387I;CCTGCAGG;-2;-6;;II;K;K:Takara M+BSA;
Sse8647I;AGGWCCT;-5;-2;Dcm,EcoBI;II;;;
Sse9I;AATT;-4;0;EcoBI;II;IV;I:SibEnzyme Sse9I;
SseAI;GGCGCC;-4;-2;Dcm,CpG;II;;;
SseBI;AGGCCT;-3;-3;Dcm,EcoBI;II;C;C:Minotech High Salt Buffer;
SshAI;CCTNAGG;-5;-2;EcoBI;II;;;
SsiAI;GATC;-4;0;Dam,CpG,EcoBI;II;;;
SsiBI;GATC;-4;0;Dam,CpG,EcoBI;II;;;
SsiI;CCGC;-3;-1;CpG;II;F;F:Thermo Scientific Fermentas O orange;
SslI;CCWGG;-3;-2;Dcm;II;;;
SsoI;GAATTC;-5;-1;CpG,EcoBI;II;;;
SsoII;CCNGG;-5;0;Dcm,CpG;II;;;
Ssp1I;TTCGAA;-4;-2;CpG,EcoKI;II;;;
Ssp27144I;ATCGAT;-4;-2;Dam,CpG,EcoBI;II;;;
Ssp4800I;TGTACA;-5;-1;;II;;;
Ssp5230I;GACGTC;-1;-5;CpG,EcoBI;II;;;
SspAI;CCWGG;-5;0;Dcm;II;;;
SspBI;TGTACA;-5;-1;;II;;;
SspCI;GCCGGC;-3;-3;CpG;II;;;
SspD5I;GGTGA;8;8;Dam,Dcm,CpG,EcoBI;II;;;
SspD5II;ATGCAT;-1;-5;EcoBI;II;;;
SspDI;GGCGCC;-5;-1;Dcm,CpG;II;F;F:Thermo Scientific Fermentas TangoTM yellow;
SspI;AATATT;-3;-3;EcoBI;II;BCFIJKNQRSUVX;F:Thermo Scientific Fermentas G green,K:Takara K,N:NEBuffer SspI,R:Promega E,S:Sigma Buffer SL,G:Qbiogene III (Yellow),Q:CHIMERx 2,C:Minotech High Salt Buffer,I:SibEnzyme Y,J:Nippon A,U:Bangalore Genei B + BSA,X:EURx 15;
SspRFI;TTCGAA;-4;-2;CpG,EcoKI;II;;;
SsrI;GTTAAC;-3;-3;CpG,EcoKI;II;;;
Sst12I;CTGCAG;-1;-5;;II;;;
SstE37I;CGAAGAC;20;18;CpG;II;;;
SstI;GAGCTC;-1;-5;CpG,EcoBI;II;C;C:Minotech Low Salt Buffer;
SstII;CCGCGG;-2;-4;CpG;II;;;
SteI;AGGCCT;-3;-3;Dcm,EcoBI;II;;;
Sth117I;CCWGG;-3;-2;Dcm;II;;;
Sth132I;CCCG;4;8;CpG;II;;;
Sth134I;CCGG;-3;-1;CpG;II;;;
Sth302I;CCWGG;-3;-2;Dcm;II;;;
Sth302II;CCGG;-2;-2;CpG;II;;;
Sth368I;GATC;-4;0;Dam,CpG,EcoBI;II;;;
SthI;GGTACC;-5;-1;Dcm,CpG;II;;;
StrI;CTCGAG;-5;-1;CpG;II;U;U:Bangalore Genei E + BSA;
StsI;GGATG;10;14;Dcm,CpG,EcoBI;II;;;
StuI;AGGCCT;-3;-3;Dcm,EcoBI;II;BJKMNQRUX;K:Takara M,M:Boehringer B,N:CutSmart Buffer,R:Promega B,Q:CHIMERx 2,J:Nippon M,U:Bangalore Genei C,X:EURx 2;
StyD4I;CCNGG;-5;0;Dcm,CpG;II;N;N:CutSmart Buffer;
StyI;CCWWGG;-5;-1;;II;CJN;N:NEBuffer 3.1,C:Minotech High Salt Buffer,J:Nippon H;
SuaI;GGCC;-2;-2;Dcm,CpG;II;;;
SuiI;GCWGC;-4;-1;CpG,EcoBI;II;;;
SunI;CGTACG;-5;-1;CpG;II;;;
SurI;GGATCC;-5;-1;Dam,Dcm,CpG;II;;;
SviI;TTCGAA;-4;-2;CpG,EcoKI;II;;;
SwaI;ATTTAAAT;-4;-4;EcoBI;II;JMN;M:Boehringer H,N:NEBuffer 3.1,G:Qbiogene IV (Orange);
TaaI;ACNGT;-2;-3;CpG,EcoBI,EcoKI;II;F;F:Thermo Scientific Fermentas TangoTM yellow;
TaiI;ACGT;0;-4;CpG,EcoBI,EcoKI;II;F;F:Thermo Scientific Fermentas R red;
Taq52I;GCWGC;-4;-1;CpG,EcoBI;II;;;
TaqI;TCGA;-3;-1;Dam,CpG;II;BCFIJKMNQRSUVXY;F:Thermo Scientific Fermentas buffer for TaqI,K:Takara Basal TaqI,M:Boehringer B,N:CutSmart Buffer,R:Promega E,S:Sigma Buffer SB,Q:CHIMERx 16,C:Minotech Unique Buffer 16,I:SibEnzyme Bst4CI,J:Nippon A,U:Bangalore Genei B + BSA,X:EURx 16;
TaqII;GACCGA;11;9;Dam,CpG,EcoBI;II;QX;X:EURx 18;
TaqII;;5;3;Dam,CpG,EcoBI;II;QX;X:EURx 18;
TaqXI;CCWGG;-3;-2;Dcm;II;;;
TasI;AATT;-4;0;EcoBI;II;F;F:Thermo Scientific Fermentas B blue;
TatI;WGTACW;-5;-1;EcoBI;II;F;F:Thermo Scientific Fermentas TangoTM yellow;
TauI;GCSGC;-1;-4;CpG;II;F;F:Thermo Scientific Fermentas B blue;
TelI;GACNNNGTC;-5;-4;CpG,EcoBI;II;;;
TfiI;GAWTC;-4;-1;CpG,EcoBI;II;N;N:CutSmart Buffer;
ThaI;CGCG;-2;-2;CpG;II;;;
TliI;CTCGAG;-5;-1;CpG;II;;;
TneDI;CGCG;-2;-2;CpG;II;;;
Tru1I;TTAA;-3;-1;EcoKI;II;F;F:Thermo Scientific Fermentas R red;
Tru201I;RGATCY;-5;-1;Dam,Dcm,CpG,EcoBI;II;;;
Tru9I;TTAA;-3;-1;EcoKI;II;IMRV;M:Boehringer M,R:Promega F,G:Qbiogene II (Green),I:SibEnzyme W;
TscAI;CASTG;2;-7;EcoBI,EcoKI;II;F;F:Thermo Scientific Fermentas TangoTM yellow;
TscI;ACGT;0;-4;CpG,EcoBI,EcoKI;II;;;
TseFI;GTSAC;-5;0;CpG,EcoBI;II;I;I:SibEnzyme B;
TseI;GCWGC;-4;-1;CpG,EcoBI;II;N;N:CutSmart Buffer;
TsoI;TARCCA;11;9;Dcm,EcoKI;II;;;
Tsp1I;ACTGG;1;-1;EcoBI,EcoKI;II;;;
Tsp32I;TCGA;-3;-1;Dam,CpG;II;;;
Tsp32II;TCGA;-3;-1;Dam,CpG;II;;;
Tsp45I;GTSAC;-5;0;CpG,EcoBI;II;N;N:CutSmart Buffer;
Tsp49I;ACGT;0;-4;CpG,EcoBI,EcoKI;II;;;
Tsp4CI;ACNGT;-2;-3;CpG,EcoBI,EcoKI;II;;;
Tsp509I;AATT;-4;0;EcoBI;II;;;
Tsp8EI;GCCNNNNNGGC;-4;-7;Dcm,CpG;II;;;
TspBI;CCRYGG;-5;-1;CpG;II;;;
TspDTI;ATGAA;11;9;EcoBI,EcoKI;II;QX;X:EURx 5;
TspEI;AATT;-4;0;EcoBI;II;;;
TspGWI;ACGGA;11;9;Dam,CpG,EcoBI,EcoKI;II;QX;X:EURx 19;
TspMI;CCCGGG;-5;-1;CpG;II;N;N:CutSmart Buffer;
TspRI;CASTG;2;-7;EcoBI,EcoKI;II;N;N:CutSmart Buffer;
TstI;CACNNNNNNTCC;-20,12;-25,7;Dam,Dcm,CpG;II;;;
Tth111I;GACNNNGTC;-5;-4;CpG,EcoBI;II;IKNQVX;K:Takara K,N:CutSmart Buffer,G:Qbiogene I (Blue),Q:Chimerx 1,I:SibEnzyme Y,X:EURx 1;
Tth111II;CAARCA;11;9;EcoBI,EcoKI;II;;;
TthHB8I;TCGA;-3;-1;Dam,CpG;II;;;
Tvu2HI;GGCC;-2;-2;Dcm,CpG;II;;;
Uba153AI;CAGCTG;-3;-3;EcoBI;II;;;
Uba4009I;GGATCC;-5;-1;Dam,Dcm,CpG;II;;;
UbaM39I;CAGCTG;-3;-3;EcoBI;II;;;
UcoMSI;GAGCTC;-13,5;-11,7;CpG,EcoBI;II;;;
UnbI;GGNCC;-5;0;Dcm,CpG;II;;;
Uur960I;GCNGC;-3;-2;CpG;II;;;
Van91I;CCANNNNNTGG;-4;-7;Dcm;II;FK;F:Thermo Scientific Fermentas R red,K:Takara K;
Vha464I;CTTAAG;-5;-1;;II;V;;
VneI;GTGCAC;-5;-1;CpG,EcoKI;II;IV;I:SibEnzyme O;
VpaK11AI;GGWCC;-5;0;Dcm,CpG;II;;;
VpaK11BI;GGWCC;-4;-1;Dcm,CpG;II;K;;
VpaK32I;GCTCTTC;1;4;CpG,EcoBI;II;;;
VspI;ATTAAT;-4;-2;EcoBI;II;FIRV;F:Thermo Scientific Fermentas O orange,R:Promega D,I:SibEnzyme W;
WviI;CACRAG;21;19;CpG,EcoBI,EcoKI;II;;;
XagI;CCTNNNNNAGG;-6;-5;Dcm,EcoBI;II;F;F:Thermo Scientific Fermentas R red;
XapI;RAATTY;-5;-1;CpG,EcoBI;II;F;F:Thermo Scientific Fermentas TangoTM yellow;
XbaI;TCTAGA;-5;-1;Dam;II;BCFIJKMNOQRSUVXY;F:Thermo Scientific Fermentas TangoTM yellow,K:Takara M+BSA,M:Boehringer H,N:CutSmart Buffer,O:Toyobo HinfI; XbaI; XhoI,R:Promega D,S:Sigma Buffer SL,G:Qbiogene II (Green),Q:Chimerx 1,I:SibEnzyme O,J:Nippon M,U:Bangalore Genei C + BSA,X:EURx 1;
XcaI;GTATAC;-3;-3;CpG;II;;;
XceI;RCATGY;-1;-5;CpG,EcoBI,EcoKI;II;F;F:Thermo Scientific Fermentas TangoTM yellow;
XciI;GTCGAC;-5;-1;CpG;II;;;
XcmI;CCANNNNNNNNNTGG;-7;-8;Dcm;II;N;N:NEBuffer 2.1;
XcpI;CTGCAG;-1;-5;;II;;;
XcyI;CCCGGG;-5;-1;CpG;II;;;
XhoI;CTCGAG;-5;-1;CpG;II;BFJKMNOQRSUXY;F:Thermo Scientific Fermentas R red,K:Takara H,M:Boehringer H,N:CutSmart Buffer,O:Toyobo HinfI; XbaI; XhoI,R:Promega D,S:Sigma Buffer SL,G:Qbiogene III (Yellow),Q:Chimerx 1,J:Nippon H,U:Bangalore Genei E + BSA,X:EURx 1;
XhoII;RGATCY;-5;-1;Dam,Dcm,CpG,EcoBI;II;R;R:Promega C,G:Qbiogene III (Yellow);
XmaCI;CCCGGG;-5;-1;CpG;II;;;
XmaI;CCCGGG;-5;-1;CpG;II;INRUV;N:CutSmart Buffer,R:Promega B,I:SibEnzyme Y,U:Bangalore Genei L + BSA;
XmaIII;CGGCCG;-5;-1;CpG;II;;;
XmaJI;CCTAGG;-5;-1;;II;F;F:Thermo Scientific Fermentas TangoTM yellow;
XmiI;GTMKAC;-4;-2;CpG;II;F;F:Thermo Scientific Fermentas B blue;
XmnI;GAANNNNTTC;-5;-5;CpG,EcoBI,EcoKI;II;NRU;N:CutSmart Buffer,R:Promega B,G:Qbiogene II (Green),U:Bangalore Genei E;
XorII;CGATCG;-2;-4;Dam,CpG;II;;;
XpaI;CTCGAG;-5;-1;CpG;II;;;
XspI;CTAG;-3;-1;;II;K;K:Takara K;
YenI;CTGCAG;-1;-5;;II;;;
ZanI;CCWGG;-3;-2;Dcm;II;;;
ZhoI;ATCGAT;-4;-2;Dam,CpG,EcoBI;II;;;
ZraI;GACGTC;-3;-3;CpG,EcoBI;II;INV;N:CutSmart Buffer,I:SibEnzyme B;
ZrmI;AGTACT;-3;-3;EcoBI;II;I;I:SibEnzyme Y;
Zsp2I;ATGCAT;-1;-5;EcoBI;II;IV;I:SibEnzyme B;
